2021-08-09 06:10:28,470 - INFO - Started server process [9]
2021-08-09 06:10:28,470 - INFO - Waiting for application startup.
2021-08-09 06:10:28,471 - INFO - Application startup complete.
2021-08-09 06:13:10,575 - INFO - Started server process [9]
2021-08-09 06:13:10,577 - INFO - Waiting for application startup.
2021-08-09 06:13:10,578 - INFO - Application startup complete.
2021-08-09 06:19:26,848 - INFO - Shutting down
2021-08-09 06:19:26,949 - INFO - Waiting for application shutdown.
2021-08-09 06:19:26,950 - INFO - Application shutdown complete.
2021-08-09 06:19:26,950 - INFO - Finished server process [9]
2021-08-09 06:19:28,771 - INFO - Started server process [13]
2021-08-09 06:19:28,771 - INFO - Waiting for application startup.
2021-08-09 06:19:28,772 - INFO - Application startup complete.
2021-08-09 06:19:29,576 - INFO - Shutting down
2021-08-09 06:19:29,677 - INFO - Waiting for application shutdown.
2021-08-09 06:19:29,679 - INFO - Application shutdown complete.
2021-08-09 06:19:29,680 - INFO - Finished server process [13]
2021-08-09 06:19:31,235 - INFO - Started server process [16]
2021-08-09 06:19:31,236 - INFO - Waiting for application startup.
2021-08-09 06:19:31,237 - INFO - Application startup complete.
2021-08-09 06:19:31,339 - INFO - Shutting down
2021-08-09 06:19:31,440 - INFO - Waiting for application shutdown.
2021-08-09 06:19:31,441 - INFO - Application shutdown complete.
2021-08-09 06:19:31,442 - INFO - Finished server process [16]
2021-08-09 06:19:33,081 - INFO - Started server process [19]
2021-08-09 06:19:33,083 - INFO - Waiting for application startup.
2021-08-09 06:19:33,086 - INFO - Application startup complete.
2021-08-09 06:22:36,713 - INFO - Shutting down
2021-08-09 06:22:36,814 - INFO - Waiting for application shutdown.
2021-08-09 06:22:36,816 - INFO - Application shutdown complete.
2021-08-09 06:22:36,818 - INFO - Finished server process [19]
2021-08-09 06:22:38,401 - INFO - Started server process [22]
2021-08-09 06:22:38,402 - INFO - Waiting for application startup.
2021-08-09 06:22:38,402 - INFO - Application startup complete.
2021-08-09 06:22:45,130 - INFO - Shutting down
2021-08-09 06:22:45,231 - INFO - Waiting for application shutdown.
2021-08-09 06:22:45,232 - INFO - Application shutdown complete.
2021-08-09 06:22:45,232 - INFO - Finished server process [22]
2021-08-09 06:22:46,899 - INFO - Started server process [25]
2021-08-09 06:22:46,900 - INFO - Waiting for application startup.
2021-08-09 06:22:46,901 - INFO - Application startup complete.
2021-08-09 06:22:48,207 - INFO - Shutting down
2021-08-09 06:22:48,309 - INFO - Waiting for application shutdown.
2021-08-09 06:22:48,310 - INFO - Application shutdown complete.
2021-08-09 06:22:48,312 - INFO - Finished server process [25]
2021-08-09 06:22:49,991 - INFO - Started server process [28]
2021-08-09 06:22:49,992 - INFO - Waiting for application startup.
2021-08-09 06:22:49,994 - INFO - Application startup complete.
2021-08-09 06:23:11,584 - INFO - Shutting down
2021-08-09 06:23:11,686 - INFO - Waiting for application shutdown.
2021-08-09 06:23:11,687 - INFO - Application shutdown complete.
2021-08-09 06:23:11,687 - INFO - Finished server process [28]
2021-08-09 06:23:13,477 - INFO - Started server process [31]
2021-08-09 06:23:13,482 - INFO - Waiting for application startup.
2021-08-09 06:23:13,484 - INFO - Application startup complete.
2021-08-09 06:23:15,095 - INFO - Shutting down
2021-08-09 06:23:15,196 - INFO - Waiting for application shutdown.
2021-08-09 06:23:15,197 - INFO - Application shutdown complete.
2021-08-09 06:23:15,197 - INFO - Finished server process [31]
2021-08-09 06:23:29,768 - INFO - Started server process [9]
2021-08-09 06:23:29,768 - INFO - Waiting for application startup.
2021-08-09 06:23:29,771 - INFO - Application startup complete.
2021-08-09 06:25:49,730 - INFO - Shutting down
2021-08-09 06:25:49,833 - INFO - Waiting for application shutdown.
2021-08-09 06:25:49,834 - INFO - Application shutdown complete.
2021-08-09 06:25:49,835 - INFO - Finished server process [9]
2021-08-09 06:25:51,863 - INFO - Started server process [13]
2021-08-09 06:25:51,864 - INFO - Waiting for application startup.
2021-08-09 06:25:51,865 - INFO - Application startup complete.
2021-08-09 06:25:52,970 - INFO - Shutting down
2021-08-09 06:25:53,072 - INFO - Waiting for application shutdown.
2021-08-09 06:25:53,076 - INFO - Application shutdown complete.
2021-08-09 06:25:53,077 - INFO - Finished server process [13]
2021-08-09 06:25:55,096 - INFO - Started server process [16]
2021-08-09 06:25:55,097 - INFO - Waiting for application startup.
2021-08-09 06:25:55,097 - INFO - Application startup complete.
2021-08-09 06:25:58,213 - INFO - Shutting down
2021-08-09 06:25:58,315 - INFO - Waiting for application shutdown.
2021-08-09 06:25:58,316 - INFO - Application shutdown complete.
2021-08-09 06:25:58,316 - INFO - Finished server process [16]
2021-08-09 06:26:00,017 - INFO - Started server process [19]
2021-08-09 06:26:00,018 - INFO - Waiting for application startup.
2021-08-09 06:26:00,019 - INFO - Application startup complete.
2021-08-09 06:26:10,329 - INFO - Started server process [10]
2021-08-09 06:26:10,330 - INFO - Waiting for application startup.
2021-08-09 06:26:10,331 - INFO - Application startup complete.
2021-08-09 06:27:06,889 - INFO - Shutting down
2021-08-09 06:27:06,990 - INFO - Waiting for application shutdown.
2021-08-09 06:27:06,991 - INFO - Application shutdown complete.
2021-08-09 06:27:06,991 - INFO - Finished server process [10]
2021-08-09 06:27:19,847 - INFO - Started server process [9]
2021-08-09 06:27:19,849 - INFO - Waiting for application startup.
2021-08-09 06:27:19,850 - INFO - Application startup complete.
2021-08-09 06:29:10,434 - INFO - Shutting down
2021-08-09 06:29:10,535 - INFO - Waiting for application shutdown.
2021-08-09 06:29:10,536 - INFO - Application shutdown complete.
2021-08-09 06:29:10,537 - INFO - Finished server process [9]
2021-08-09 06:29:12,167 - INFO - Started server process [13]
2021-08-09 06:29:12,169 - INFO - Waiting for application startup.
2021-08-09 06:29:12,171 - INFO - Application startup complete.
2021-08-09 06:29:39,097 - INFO - Started server process [9]
2021-08-09 06:29:39,098 - INFO - Waiting for application startup.
2021-08-09 06:29:39,100 - INFO - Application startup complete.
2021-08-09 06:30:30,710 - INFO - Shutting down
2021-08-09 06:30:30,812 - INFO - Waiting for application shutdown.
2021-08-09 06:30:30,813 - INFO - Application shutdown complete.
2021-08-09 06:30:30,813 - INFO - Finished server process [9]
2021-08-09 06:30:32,511 - INFO - Started server process [13]
2021-08-09 06:30:32,511 - INFO - Waiting for application startup.
2021-08-09 06:30:32,512 - INFO - Application startup complete.
2021-08-09 06:31:13,581 - INFO - Shutting down
2021-08-09 06:31:13,682 - INFO - Waiting for application shutdown.
2021-08-09 06:31:13,684 - INFO - Application shutdown complete.
2021-08-09 06:31:13,685 - INFO - Finished server process [13]
2021-08-09 06:31:15,566 - INFO - Started server process [16]
2021-08-09 06:31:15,567 - INFO - Waiting for application startup.
2021-08-09 06:31:15,568 - INFO - Application startup complete.
2021-08-09 06:31:20,188 - INFO - Shutting down
2021-08-09 06:31:20,289 - INFO - Waiting for application shutdown.
2021-08-09 06:31:20,291 - INFO - Application shutdown complete.
2021-08-09 06:31:20,291 - INFO - Finished server process [16]
2021-08-09 06:31:21,962 - INFO - Started server process [19]
2021-08-09 06:31:21,962 - INFO - Waiting for application startup.
2021-08-09 06:31:21,963 - INFO - Application startup complete.
2021-08-09 06:31:28,992 - INFO - Shutting down
2021-08-09 06:31:29,094 - INFO - Waiting for application shutdown.
2021-08-09 06:31:29,096 - INFO - Application shutdown complete.
2021-08-09 06:31:29,098 - INFO - Finished server process [19]
2021-08-09 06:31:30,769 - INFO - Started server process [22]
2021-08-09 06:31:30,770 - INFO - Waiting for application startup.
2021-08-09 06:31:30,770 - INFO - Application startup complete.
2021-08-09 06:31:45,629 - INFO - Started server process [9]
2021-08-09 06:31:45,630 - INFO - Waiting for application startup.
2021-08-09 06:31:45,631 - INFO - Application startup complete.
2021-08-09 06:32:33,344 - INFO - Shutting down
2021-08-09 06:32:33,445 - INFO - Waiting for application shutdown.
2021-08-09 06:32:33,446 - INFO - Application shutdown complete.
2021-08-09 06:32:33,447 - INFO - Finished server process [9]
2021-08-09 06:32:35,265 - INFO - Started server process [13]
2021-08-09 06:32:35,266 - INFO - Waiting for application startup.
2021-08-09 06:32:35,267 - INFO - Application startup complete.
2021-08-09 06:32:51,835 - INFO - Shutting down
2021-08-09 06:32:51,936 - INFO - Waiting for application shutdown.
2021-08-09 06:32:51,936 - INFO - Application shutdown complete.
2021-08-09 06:32:51,937 - INFO - Finished server process [13]
2021-08-09 06:32:53,580 - INFO - Started server process [16]
2021-08-09 06:32:53,581 - INFO - Waiting for application startup.
2021-08-09 06:32:53,581 - INFO - Application startup complete.
2021-08-09 06:32:54,487 - INFO - Shutting down
2021-08-09 06:32:54,588 - INFO - Waiting for application shutdown.
2021-08-09 06:32:54,589 - INFO - Application shutdown complete.
2021-08-09 06:32:54,589 - INFO - Finished server process [16]
2021-08-09 06:32:56,254 - INFO - Started server process [19]
2021-08-09 06:32:56,255 - INFO - Waiting for application startup.
2021-08-09 06:32:56,256 - INFO - Application startup complete.
2021-08-09 06:32:57,161 - INFO - Shutting down
2021-08-09 06:32:57,262 - INFO - Waiting for application shutdown.
2021-08-09 06:32:57,264 - INFO - Application shutdown complete.
2021-08-09 06:32:57,266 - INFO - Finished server process [19]
2021-08-09 06:32:59,024 - INFO - Started server process [22]
2021-08-09 06:32:59,025 - INFO - Waiting for application startup.
2021-08-09 06:32:59,027 - INFO - Application startup complete.
2021-08-09 06:33:03,044 - INFO - Shutting down
2021-08-09 06:33:03,145 - INFO - Waiting for application shutdown.
2021-08-09 06:33:03,147 - INFO - Application shutdown complete.
2021-08-09 06:33:03,148 - INFO - Finished server process [22]
2021-08-09 06:33:04,706 - INFO - Started server process [25]
2021-08-09 06:33:04,706 - INFO - Waiting for application startup.
2021-08-09 06:33:04,707 - INFO - Application startup complete.
2021-08-09 06:33:33,928 - INFO - Started server process [9]
2021-08-09 06:33:33,929 - INFO - Waiting for application startup.
2021-08-09 06:33:33,930 - INFO - Application startup complete.
2021-08-09 06:36:55,655 - INFO - Shutting down
2021-08-09 06:36:55,756 - INFO - Waiting for application shutdown.
2021-08-09 06:36:55,757 - INFO - Application shutdown complete.
2021-08-09 06:36:55,758 - INFO - Finished server process [9]
2021-08-09 06:36:57,471 - INFO - Started server process [13]
2021-08-09 06:36:57,472 - INFO - Waiting for application startup.
2021-08-09 06:36:57,473 - INFO - Application startup complete.
2021-08-09 06:36:58,378 - INFO - Shutting down
2021-08-09 06:36:58,479 - INFO - Waiting for application shutdown.
2021-08-09 06:36:58,480 - INFO - Application shutdown complete.
2021-08-09 06:36:58,481 - INFO - Finished server process [13]
2021-08-09 06:37:00,171 - INFO - Started server process [16]
2021-08-09 06:37:00,172 - INFO - Waiting for application startup.
2021-08-09 06:37:00,173 - INFO - Application startup complete.
2021-08-09 06:37:14,696 - INFO - Started server process [9]
2021-08-09 06:37:14,697 - INFO - Waiting for application startup.
2021-08-09 06:37:14,697 - INFO - Application startup complete.
2021-08-09 06:39:36,863 - INFO - Shutting down
2021-08-09 06:39:36,964 - INFO - Waiting for application shutdown.
2021-08-09 06:39:36,965 - INFO - Application shutdown complete.
2021-08-09 06:39:36,967 - INFO - Finished server process [9]
2021-08-09 06:39:38,762 - INFO - Started server process [13]
2021-08-09 06:39:38,763 - INFO - Waiting for application startup.
2021-08-09 06:39:38,764 - INFO - Application startup complete.
2021-08-09 06:40:12,399 - INFO - Shutting down
2021-08-09 06:40:12,501 - INFO - Waiting for application shutdown.
2021-08-09 06:40:12,502 - INFO - Application shutdown complete.
2021-08-09 06:40:12,502 - INFO - Finished server process [13]
2021-08-09 06:40:14,398 - INFO - Started server process [16]
2021-08-09 06:40:14,398 - INFO - Waiting for application startup.
2021-08-09 06:40:14,399 - INFO - Application startup complete.
2021-08-09 06:40:15,102 - INFO - Shutting down
2021-08-09 06:40:15,203 - INFO - Waiting for application shutdown.
2021-08-09 06:40:15,204 - INFO - Application shutdown complete.
2021-08-09 06:40:15,204 - INFO - Finished server process [16]
2021-08-09 06:40:16,994 - INFO - Started server process [19]
2021-08-09 06:40:16,995 - INFO - Waiting for application startup.
2021-08-09 06:40:16,996 - INFO - Application startup complete.
2021-08-09 06:41:28,286 - INFO - Shutting down
2021-08-09 06:41:28,387 - INFO - Waiting for application shutdown.
2021-08-09 06:41:28,388 - INFO - Application shutdown complete.
2021-08-09 06:41:28,388 - INFO - Finished server process [19]
2021-08-09 06:41:30,180 - INFO - Started server process [22]
2021-08-09 06:41:30,181 - INFO - Waiting for application startup.
2021-08-09 06:41:30,181 - INFO - Application startup complete.
2021-08-09 06:41:32,996 - INFO - Shutting down
2021-08-09 06:41:33,097 - INFO - Waiting for application shutdown.
2021-08-09 06:41:33,099 - INFO - Application shutdown complete.
2021-08-09 06:41:33,100 - INFO - Finished server process [22]
2021-08-09 06:41:34,818 - INFO - Started server process [25]
2021-08-09 06:41:34,821 - INFO - Waiting for application startup.
2021-08-09 06:41:34,823 - INFO - Application startup complete.
2021-08-09 06:41:55,006 - INFO - Shutting down
2021-08-09 06:41:55,107 - INFO - Waiting for application shutdown.
2021-08-09 06:41:55,108 - INFO - Application shutdown complete.
2021-08-09 06:41:55,109 - INFO - Finished server process [25]
2021-08-09 06:41:56,818 - INFO - Started server process [28]
2021-08-09 06:41:56,819 - INFO - Waiting for application startup.
2021-08-09 06:41:56,820 - INFO - Application startup complete.
2021-08-09 06:41:59,031 - INFO - Shutting down
2021-08-09 06:41:59,133 - INFO - Waiting for application shutdown.
2021-08-09 06:41:59,134 - INFO - Application shutdown complete.
2021-08-09 06:41:59,134 - INFO - Finished server process [28]
2021-08-09 06:42:00,831 - INFO - Started server process [31]
2021-08-09 06:42:00,831 - INFO - Waiting for application startup.
2021-08-09 06:42:00,832 - INFO - Application startup complete.
2021-08-09 06:42:09,068 - INFO - Shutting down
2021-08-09 06:42:09,169 - INFO - Waiting for application shutdown.
2021-08-09 06:42:09,170 - INFO - Application shutdown complete.
2021-08-09 06:42:09,171 - INFO - Finished server process [31]
2021-08-09 06:42:10,840 - INFO - Started server process [34]
2021-08-09 06:42:10,841 - INFO - Waiting for application startup.
2021-08-09 06:42:10,841 - INFO - Application startup complete.
2021-08-09 06:42:20,201 - INFO - Started server process [9]
2021-08-09 06:42:20,202 - INFO - Waiting for application startup.
2021-08-09 06:42:20,204 - INFO - Application startup complete.
2021-08-09 06:42:52,448 - INFO - Shutting down
2021-08-09 06:42:52,549 - INFO - Waiting for application shutdown.
2021-08-09 06:42:52,551 - INFO - Application shutdown complete.
2021-08-09 06:42:52,551 - INFO - Finished server process [9]
2021-08-09 06:42:54,402 - INFO - Started server process [13]
2021-08-09 06:42:54,402 - INFO - Waiting for application startup.
2021-08-09 06:42:54,403 - INFO - Application startup complete.
2021-08-09 06:42:54,806 - INFO - Shutting down
2021-08-09 06:42:54,908 - INFO - Waiting for application shutdown.
2021-08-09 06:42:54,909 - INFO - Application shutdown complete.
2021-08-09 06:42:54,909 - INFO - Finished server process [13]
2021-08-09 06:42:56,527 - INFO - Started server process [16]
2021-08-09 06:42:56,528 - INFO - Waiting for application startup.
2021-08-09 06:42:56,529 - INFO - Application startup complete.
2021-08-09 06:42:59,842 - INFO - Shutting down
2021-08-09 06:42:59,944 - INFO - Waiting for application shutdown.
2021-08-09 06:42:59,946 - INFO - Application shutdown complete.
2021-08-09 06:42:59,947 - INFO - Finished server process [16]
2021-08-09 06:43:03,351 - INFO - Started server process [22]
2021-08-09 06:43:03,351 - INFO - Waiting for application startup.
2021-08-09 06:43:03,352 - INFO - Application startup complete.
2021-08-09 06:43:06,164 - INFO - Shutting down
2021-08-09 06:43:06,267 - INFO - Waiting for application shutdown.
2021-08-09 06:43:06,268 - INFO - Application shutdown complete.
2021-08-09 06:43:06,268 - INFO - Finished server process [22]
2021-08-09 06:43:07,864 - INFO - Started server process [25]
2021-08-09 06:43:07,865 - INFO - Waiting for application startup.
2021-08-09 06:43:07,866 - INFO - Application startup complete.
2021-08-09 06:43:09,674 - INFO - Shutting down
2021-08-09 06:43:09,778 - INFO - Waiting for application shutdown.
2021-08-09 06:43:09,779 - INFO - Application shutdown complete.
2021-08-09 06:43:09,780 - INFO - Finished server process [25]
2021-08-09 06:43:11,561 - INFO - Started server process [28]
2021-08-09 06:43:11,561 - INFO - Waiting for application startup.
2021-08-09 06:43:11,563 - INFO - Application startup complete.
2021-08-09 06:43:47,158 - INFO - Started server process [9]
2021-08-09 06:43:47,159 - INFO - Waiting for application startup.
2021-08-09 06:43:47,160 - INFO - Application startup complete.
2021-08-09 06:44:42,587 - INFO - Shutting down
2021-08-09 06:44:42,688 - INFO - Waiting for application shutdown.
2021-08-09 06:44:42,689 - INFO - Application shutdown complete.
2021-08-09 06:44:42,689 - INFO - Finished server process [9]
2021-08-09 06:44:44,536 - INFO - Started server process [13]
2021-08-09 06:44:44,537 - INFO - Waiting for application startup.
2021-08-09 06:44:44,537 - INFO - Application startup complete.
2021-08-09 06:44:45,041 - INFO - Shutting down
2021-08-09 06:44:45,142 - INFO - Waiting for application shutdown.
2021-08-09 06:44:45,143 - INFO - Application shutdown complete.
2021-08-09 06:44:45,143 - INFO - Finished server process [13]
2021-08-09 06:44:46,768 - INFO - Started server process [16]
2021-08-09 06:44:46,770 - INFO - Waiting for application startup.
2021-08-09 06:44:46,771 - INFO - Application startup complete.
2021-08-09 06:44:47,978 - INFO - Shutting down
2021-08-09 06:44:48,079 - INFO - Waiting for application shutdown.
2021-08-09 06:44:48,080 - INFO - Application shutdown complete.
2021-08-09 06:44:48,081 - INFO - Finished server process [16]
2021-08-09 06:44:50,025 - INFO - Started server process [19]
2021-08-09 06:44:50,026 - INFO - Waiting for application startup.
2021-08-09 06:44:50,027 - INFO - Application startup complete.
2021-08-09 06:44:51,534 - INFO - Shutting down
2021-08-09 06:44:51,635 - INFO - Waiting for application shutdown.
2021-08-09 06:44:51,636 - INFO - Application shutdown complete.
2021-08-09 06:44:51,638 - INFO - Finished server process [19]
2021-08-09 06:44:53,256 - INFO - Started server process [22]
2021-08-09 06:44:53,257 - INFO - Waiting for application startup.
2021-08-09 06:44:53,258 - INFO - Application startup complete.
2021-08-09 06:44:55,066 - INFO - Shutting down
2021-08-09 06:44:55,168 - INFO - Waiting for application shutdown.
2021-08-09 06:44:55,169 - INFO - Application shutdown complete.
2021-08-09 06:44:55,171 - INFO - Finished server process [22]
2021-08-09 06:44:56,771 - INFO - Started server process [25]
2021-08-09 06:44:56,772 - INFO - Waiting for application startup.
2021-08-09 06:44:56,773 - INFO - Application startup complete.
2021-08-09 06:44:56,975 - INFO - Shutting down
2021-08-09 06:44:57,076 - INFO - Waiting for application shutdown.
2021-08-09 06:44:57,077 - INFO - Application shutdown complete.
2021-08-09 06:44:57,078 - INFO - Finished server process [25]
2021-08-09 06:44:58,984 - INFO - Started server process [28]
2021-08-09 06:44:58,991 - INFO - Waiting for application startup.
2021-08-09 06:44:58,993 - INFO - Application startup complete.
2021-08-09 06:45:11,342 - INFO - Started server process [8]
2021-08-09 06:45:11,343 - INFO - Waiting for application startup.
2021-08-09 06:45:11,343 - INFO - Application startup complete.
2021-08-09 06:46:03,412 - INFO - Shutting down
2021-08-09 06:46:03,514 - INFO - Waiting for application shutdown.
2021-08-09 06:46:03,516 - INFO - Application shutdown complete.
2021-08-09 06:46:03,517 - INFO - Finished server process [8]
2021-08-09 06:46:05,254 - INFO - Started server process [12]
2021-08-09 06:46:05,255 - INFO - Waiting for application startup.
2021-08-09 06:46:05,256 - INFO - Application startup complete.
2021-08-09 06:46:25,839 - INFO - Shutting down
2021-08-09 06:46:25,940 - INFO - Waiting for application shutdown.
2021-08-09 06:46:25,941 - INFO - Application shutdown complete.
2021-08-09 06:46:25,942 - INFO - Finished server process [12]
2021-08-09 06:46:27,673 - INFO - Started server process [15]
2021-08-09 06:46:27,674 - INFO - Waiting for application startup.
2021-08-09 06:46:27,676 - INFO - Application startup complete.
2021-08-09 06:46:46,808 - INFO - Started server process [9]
2021-08-09 06:46:46,809 - INFO - Waiting for application startup.
2021-08-09 06:46:46,811 - INFO - Application startup complete.
2021-08-09 06:47:35,995 - INFO - Started server process [9]
2021-08-09 06:47:35,996 - INFO - Waiting for application startup.
2021-08-09 06:47:35,997 - INFO - Application startup complete.
2021-08-09 06:50:18,625 - INFO - Started server process [9]
2021-08-09 06:50:18,626 - INFO - Waiting for application startup.
2021-08-09 06:50:18,626 - INFO - Application startup complete.
