2021-08-09 05:00:19,331 - INFO - Started server process [9]
2021-08-09 05:00:19,332 - INFO - Waiting for application startup.
2021-08-09 05:00:19,333 - INFO - Application startup complete.
2021-08-09 05:01:39,263 - INFO - Shutting down
2021-08-09 05:01:39,365 - INFO - Waiting for application shutdown.
2021-08-09 05:01:39,366 - INFO - Application shutdown complete.
2021-08-09 05:01:39,366 - INFO - Finished server process [9]
2021-08-09 05:01:41,206 - INFO - Started server process [13]
2021-08-09 05:01:41,207 - INFO - Waiting for application startup.
2021-08-09 05:01:41,207 - INFO - Application startup complete.
2021-08-09 05:02:22,468 - INFO - Shutting down
2021-08-09 05:02:22,570 - INFO - Waiting for application shutdown.
2021-08-09 05:02:22,571 - INFO - Application shutdown complete.
2021-08-09 05:02:22,573 - INFO - Finished server process [13]
2021-08-09 05:02:24,332 - INFO - Started server process [16]
2021-08-09 05:02:24,333 - INFO - Waiting for application startup.
2021-08-09 05:02:24,334 - INFO - Application startup complete.
2021-08-09 05:03:02,781 - INFO - Shutting down
2021-08-09 05:03:02,882 - INFO - Waiting for application shutdown.
2021-08-09 05:03:02,883 - INFO - Application shutdown complete.
2021-08-09 05:03:02,883 - INFO - Finished server process [16]
2021-08-09 05:03:04,439 - INFO - Started server process [19]
2021-08-09 05:03:04,439 - INFO - Waiting for application startup.
2021-08-09 05:03:04,442 - INFO - Application startup complete.
2021-08-09 05:03:09,565 - INFO - Shutting down
2021-08-09 05:03:09,666 - INFO - Waiting for application shutdown.
2021-08-09 05:03:09,667 - INFO - Application shutdown complete.
2021-08-09 05:03:09,668 - INFO - Finished server process [19]
2021-08-09 05:03:11,268 - INFO - Started server process [22]
2021-08-09 05:03:11,269 - INFO - Waiting for application startup.
2021-08-09 05:03:11,270 - INFO - Application startup complete.
2021-08-09 05:03:15,588 - INFO - Shutting down
2021-08-09 05:03:15,689 - INFO - Waiting for application shutdown.
2021-08-09 05:03:15,690 - INFO - Application shutdown complete.
2021-08-09 05:03:15,692 - INFO - Finished server process [22]
2021-08-09 05:03:17,405 - INFO - Started server process [25]
2021-08-09 05:03:17,406 - INFO - Waiting for application startup.
2021-08-09 05:03:17,407 - INFO - Application startup complete.
2021-08-09 05:03:26,604 - INFO - Started server process [8]
2021-08-09 05:03:26,605 - INFO - Waiting for application startup.
2021-08-09 05:03:26,605 - INFO - Application startup complete.
2021-08-09 05:05:06,103 - INFO - Shutting down
2021-08-09 05:05:06,205 - INFO - Waiting for application shutdown.
2021-08-09 05:05:06,205 - INFO - Application shutdown complete.
2021-08-09 05:05:06,206 - INFO - Finished server process [8]
2021-08-09 05:05:08,005 - INFO - Started server process [12]
2021-08-09 05:05:08,008 - INFO - Waiting for application startup.
2021-08-09 05:05:08,012 - INFO - Application startup complete.
2021-08-09 05:05:13,035 - INFO - Shutting down
2021-08-09 05:05:13,136 - INFO - Waiting for application shutdown.
2021-08-09 05:05:13,137 - INFO - Application shutdown complete.
2021-08-09 05:05:13,138 - INFO - Finished server process [12]
2021-08-09 05:05:14,802 - INFO - Started server process [15]
2021-08-09 05:05:14,805 - INFO - Waiting for application startup.
2021-08-09 05:05:14,810 - INFO - Application startup complete.
2021-08-09 05:05:40,013 - INFO - Shutting down
2021-08-09 05:05:40,114 - INFO - Waiting for application shutdown.
2021-08-09 05:05:40,115 - INFO - Application shutdown complete.
2021-08-09 05:05:40,116 - INFO - Finished server process [15]
2021-08-09 05:05:41,784 - INFO - Started server process [18]
2021-08-09 05:05:41,785 - INFO - Waiting for application startup.
2021-08-09 05:05:41,786 - INFO - Application startup complete.
2021-08-09 05:05:53,635 - INFO - Shutting down
2021-08-09 05:05:53,737 - INFO - Waiting for application shutdown.
2021-08-09 05:05:53,738 - INFO - Application shutdown complete.
2021-08-09 05:05:53,741 - INFO - Finished server process [18]
2021-08-09 05:05:55,566 - INFO - Started server process [21]
2021-08-09 05:05:55,567 - INFO - Waiting for application startup.
2021-08-09 05:05:55,569 - INFO - Application startup complete.
2021-08-09 05:06:04,604 - INFO - Shutting down
2021-08-09 05:06:04,705 - INFO - Waiting for application shutdown.
2021-08-09 05:06:04,706 - INFO - Application shutdown complete.
2021-08-09 05:06:04,707 - INFO - Finished server process [21]
2021-08-09 05:06:06,492 - INFO - Started server process [24]
2021-08-09 05:06:06,500 - INFO - Waiting for application startup.
2021-08-09 05:06:06,501 - INFO - Application startup complete.
2021-08-09 05:06:19,486 - INFO - Started server process [9]
2021-08-09 05:06:19,486 - INFO - Waiting for application startup.
2021-08-09 05:06:19,488 - INFO - Application startup complete.
2021-08-09 05:06:57,766 - INFO - Shutting down
2021-08-09 05:06:57,867 - INFO - Waiting for application shutdown.
2021-08-09 05:06:57,868 - INFO - Application shutdown complete.
2021-08-09 05:06:57,869 - INFO - Finished server process [9]
2021-08-09 05:06:59,563 - INFO - Started server process [13]
2021-08-09 05:06:59,563 - INFO - Waiting for application startup.
2021-08-09 05:06:59,565 - INFO - Application startup complete.
2021-08-09 05:08:17,872 - INFO - Shutting down
2021-08-09 05:08:17,973 - INFO - Waiting for application shutdown.
2021-08-09 05:08:17,974 - INFO - Application shutdown complete.
2021-08-09 05:08:17,974 - INFO - Finished server process [13]
2021-08-09 05:08:19,832 - INFO - Started server process [16]
2021-08-09 05:08:19,834 - INFO - Waiting for application startup.
2021-08-09 05:08:19,835 - INFO - Application startup complete.
2021-08-09 05:08:29,729 - INFO - Started server process [9]
2021-08-09 05:08:29,730 - INFO - Waiting for application startup.
2021-08-09 05:08:29,732 - INFO - Application startup complete.
2021-08-09 05:11:00,460 - INFO - Shutting down
2021-08-09 05:11:00,561 - INFO - Waiting for application shutdown.
2021-08-09 05:11:00,585 - INFO - Application shutdown complete.
2021-08-09 05:11:00,589 - INFO - Finished server process [9]
2021-08-09 05:11:02,441 - INFO - Started server process [13]
2021-08-09 05:11:02,442 - INFO - Waiting for application startup.
2021-08-09 05:11:02,443 - INFO - Application startup complete.
2021-08-09 05:12:31,292 - INFO - Shutting down
2021-08-09 05:12:31,393 - INFO - Waiting for application shutdown.
2021-08-09 05:12:31,395 - INFO - Application shutdown complete.
2021-08-09 05:12:31,396 - INFO - Finished server process [13]
2021-08-09 05:12:33,121 - INFO - Started server process [16]
2021-08-09 05:12:33,121 - INFO - Waiting for application startup.
2021-08-09 05:12:33,122 - INFO - Application startup complete.
2021-08-09 05:12:38,544 - INFO - Shutting down
2021-08-09 05:12:38,646 - INFO - Waiting for application shutdown.
2021-08-09 05:12:38,648 - INFO - Application shutdown complete.
2021-08-09 05:12:38,649 - INFO - Finished server process [16]
2021-08-09 05:12:40,557 - INFO - Started server process [19]
2021-08-09 05:12:40,559 - INFO - Waiting for application startup.
2021-08-09 05:12:40,561 - INFO - Application startup complete.
2021-08-09 05:12:53,245 - INFO - Started server process [9]
2021-08-09 05:12:53,245 - INFO - Waiting for application startup.
2021-08-09 05:12:53,246 - INFO - Application startup complete.
2021-08-09 05:13:54,089 - INFO - Shutting down
2021-08-09 05:13:54,191 - INFO - Waiting for application shutdown.
2021-08-09 05:13:54,193 - INFO - Application shutdown complete.
2021-08-09 05:13:54,194 - INFO - Finished server process [9]
2021-08-09 05:13:55,968 - INFO - Started server process [13]
2021-08-09 05:13:55,969 - INFO - Waiting for application startup.
2021-08-09 05:13:55,970 - INFO - Application startup complete.
2021-08-09 05:14:14,744 - INFO - Started server process [9]
2021-08-09 05:14:14,745 - INFO - Waiting for application startup.
2021-08-09 05:14:14,747 - INFO - Application startup complete.
2021-08-09 05:15:04,868 - INFO - Shutting down
2021-08-09 05:15:04,969 - INFO - Waiting for application shutdown.
2021-08-09 05:15:04,970 - INFO - Application shutdown complete.
2021-08-09 05:15:04,971 - INFO - Finished server process [9]
2021-08-09 05:15:06,759 - INFO - Started server process [13]
2021-08-09 05:15:06,760 - INFO - Waiting for application startup.
2021-08-09 05:15:06,761 - INFO - Application startup complete.
2021-08-09 05:15:15,297 - INFO - Shutting down
2021-08-09 05:15:15,398 - INFO - Waiting for application shutdown.
2021-08-09 05:15:15,399 - INFO - Application shutdown complete.
2021-08-09 05:15:15,401 - INFO - Finished server process [13]
2021-08-09 05:15:17,036 - INFO - Started server process [16]
2021-08-09 05:15:17,037 - INFO - Waiting for application startup.
2021-08-09 05:15:17,039 - INFO - Application startup complete.
2021-08-09 05:15:40,198 - INFO - Started server process [8]
2021-08-09 05:15:40,199 - INFO - Waiting for application startup.
2021-08-09 05:15:40,200 - INFO - Application startup complete.
2021-08-09 05:17:18,399 - INFO - Shutting down
2021-08-09 05:17:18,500 - INFO - Waiting for application shutdown.
2021-08-09 05:17:18,501 - INFO - Application shutdown complete.
2021-08-09 05:17:18,502 - INFO - Finished server process [8]
2021-08-09 05:17:20,239 - INFO - Started server process [12]
2021-08-09 05:17:20,240 - INFO - Waiting for application startup.
2021-08-09 05:17:20,240 - INFO - Application startup complete.
2021-08-09 05:17:42,431 - INFO - Shutting down
2021-08-09 05:17:42,532 - INFO - Waiting for application shutdown.
2021-08-09 05:17:42,533 - INFO - Application shutdown complete.
2021-08-09 05:17:42,534 - INFO - Finished server process [12]
2021-08-09 05:17:44,359 - INFO - Started server process [15]
2021-08-09 05:17:44,360 - INFO - Waiting for application startup.
2021-08-09 05:17:44,360 - INFO - Application startup complete.
2021-08-09 05:17:56,709 - INFO - Shutting down
2021-08-09 05:17:56,810 - INFO - Waiting for application shutdown.
2021-08-09 05:17:56,811 - INFO - Application shutdown complete.
2021-08-09 05:17:56,812 - INFO - Finished server process [15]
2021-08-09 05:17:58,512 - INFO - Started server process [18]
2021-08-09 05:17:58,513 - INFO - Waiting for application startup.
2021-08-09 05:17:58,514 - INFO - Application startup complete.
2021-08-09 05:20:04,323 - INFO - Shutting down
2021-08-09 05:20:04,424 - INFO - Waiting for application shutdown.
2021-08-09 05:20:04,425 - INFO - Application shutdown complete.
2021-08-09 05:20:04,426 - INFO - Finished server process [18]
2021-08-09 05:20:06,192 - INFO - Started server process [21]
2021-08-09 05:20:06,193 - INFO - Waiting for application startup.
2021-08-09 05:20:06,193 - INFO - Application startup complete.
2021-08-09 05:20:46,961 - INFO - Shutting down
2021-08-09 05:20:47,063 - INFO - Waiting for application shutdown.
2021-08-09 05:20:47,063 - INFO - Application shutdown complete.
2021-08-09 05:20:47,064 - INFO - Finished server process [21]
2021-08-09 05:20:49,033 - INFO - Started server process [24]
2021-08-09 05:20:49,034 - INFO - Waiting for application startup.
2021-08-09 05:20:49,035 - INFO - Application startup complete.
2021-08-09 05:21:26,588 - INFO - Shutting down
2021-08-09 05:21:26,689 - INFO - Waiting for application shutdown.
2021-08-09 05:21:26,690 - INFO - Application shutdown complete.
2021-08-09 05:21:26,691 - INFO - Finished server process [24]
2021-08-09 05:21:28,472 - INFO - Started server process [27]
2021-08-09 05:21:28,473 - INFO - Waiting for application startup.
2021-08-09 05:21:28,474 - INFO - Application startup complete.
2021-08-09 05:21:57,291 - INFO - Shutting down
2021-08-09 05:21:57,392 - INFO - Waiting for application shutdown.
2021-08-09 05:21:57,394 - INFO - Application shutdown complete.
2021-08-09 05:21:57,395 - INFO - Finished server process [27]
2021-08-09 05:21:59,096 - INFO - Started server process [30]
2021-08-09 05:21:59,099 - INFO - Waiting for application startup.
2021-08-09 05:21:59,100 - INFO - Application startup complete.
2021-08-09 05:22:06,127 - INFO - Shutting down
2021-08-09 05:22:06,229 - INFO - Waiting for application shutdown.
2021-08-09 05:22:06,230 - INFO - Application shutdown complete.
2021-08-09 05:22:06,231 - INFO - Finished server process [30]
2021-08-09 05:22:07,981 - INFO - Started server process [33]
2021-08-09 05:22:07,984 - INFO - Waiting for application startup.
2021-08-09 05:22:07,987 - INFO - Application startup complete.
2021-08-09 05:22:14,615 - INFO - Shutting down
2021-08-09 05:22:14,717 - INFO - Waiting for application shutdown.
2021-08-09 05:22:14,719 - INFO - Application shutdown complete.
2021-08-09 05:22:14,720 - INFO - Finished server process [33]
2021-08-09 05:22:16,633 - INFO - Started server process [36]
2021-08-09 05:22:16,634 - INFO - Waiting for application startup.
2021-08-09 05:22:16,634 - INFO - Application startup complete.
2021-08-09 05:22:26,786 - INFO - Started server process [8]
2021-08-09 05:22:26,788 - INFO - Waiting for application startup.
2021-08-09 05:22:26,790 - INFO - Application startup complete.
2021-08-09 05:22:54,615 - INFO - Shutting down
2021-08-09 05:22:54,717 - INFO - Waiting for application shutdown.
2021-08-09 05:22:54,719 - INFO - Application shutdown complete.
2021-08-09 05:22:54,720 - INFO - Finished server process [8]
2021-08-09 05:22:56,714 - INFO - Started server process [12]
2021-08-09 05:22:56,722 - INFO - Waiting for application startup.
2021-08-09 05:22:56,733 - INFO - Application startup complete.
2021-08-09 05:36:22,117 - INFO - Started server process [9]
2021-08-09 05:36:22,118 - INFO - Waiting for application startup.
2021-08-09 05:36:22,119 - INFO - Application startup complete.
2021-08-09 05:37:54,263 - INFO - Started server process [8]
2021-08-09 05:37:54,264 - INFO - Waiting for application startup.
2021-08-09 05:37:54,265 - INFO - Application startup complete.
2021-08-09 05:38:28,111 - INFO - Shutting down
2021-08-09 05:38:28,212 - INFO - Waiting for application shutdown.
2021-08-09 05:38:28,213 - INFO - Application shutdown complete.
2021-08-09 05:38:28,214 - INFO - Finished server process [8]
2021-08-09 05:38:29,902 - INFO - Started server process [12]
2021-08-09 05:38:29,903 - INFO - Waiting for application startup.
2021-08-09 05:38:29,904 - INFO - Application startup complete.
2021-08-09 05:39:17,604 - INFO - Shutting down
2021-08-09 05:39:17,705 - INFO - Waiting for application shutdown.
2021-08-09 05:39:17,706 - INFO - Application shutdown complete.
2021-08-09 05:39:17,707 - INFO - Finished server process [12]
2021-08-09 05:39:19,634 - INFO - Started server process [15]
2021-08-09 05:39:19,635 - INFO - Waiting for application startup.
2021-08-09 05:39:19,639 - INFO - Application startup complete.
2021-08-09 05:39:57,398 - INFO - Shutting down
2021-08-09 05:39:57,499 - INFO - Waiting for application shutdown.
2021-08-09 05:39:57,500 - INFO - Application shutdown complete.
2021-08-09 05:39:57,501 - INFO - Finished server process [15]
2021-08-09 05:39:59,213 - INFO - Started server process [18]
2021-08-09 05:39:59,214 - INFO - Waiting for application startup.
2021-08-09 05:39:59,216 - INFO - Application startup complete.
2021-08-09 05:40:49,219 - INFO - Shutting down
2021-08-09 05:40:49,320 - INFO - Waiting for application shutdown.
2021-08-09 05:40:49,322 - INFO - Application shutdown complete.
2021-08-09 05:40:49,323 - INFO - Finished server process [18]
2021-08-09 05:40:51,192 - INFO - Started server process [21]
2021-08-09 05:40:51,193 - INFO - Waiting for application startup.
2021-08-09 05:40:51,195 - INFO - Application startup complete.
2021-08-09 05:41:04,048 - INFO - Started server process [8]
2021-08-09 05:41:04,049 - INFO - Waiting for application startup.
2021-08-09 05:41:04,050 - INFO - Application startup complete.
2021-08-09 05:41:45,131 - INFO - Shutting down
2021-08-09 05:41:45,232 - INFO - Waiting for application shutdown.
2021-08-09 05:41:45,233 - INFO - Application shutdown complete.
2021-08-09 05:41:45,233 - INFO - Finished server process [8]
2021-08-09 05:41:47,091 - INFO - Started server process [12]
2021-08-09 05:41:47,092 - INFO - Waiting for application startup.
2021-08-09 05:41:47,092 - INFO - Application startup complete.
2021-08-09 05:41:51,210 - INFO - Shutting down
2021-08-09 05:41:51,311 - INFO - Waiting for application shutdown.
2021-08-09 05:41:51,312 - INFO - Application shutdown complete.
2021-08-09 05:41:51,313 - INFO - Finished server process [12]
2021-08-09 05:41:53,067 - INFO - Started server process [15]
2021-08-09 05:41:53,068 - INFO - Waiting for application startup.
2021-08-09 05:41:53,069 - INFO - Application startup complete.
2021-08-09 05:42:30,421 - INFO - Shutting down
2021-08-09 05:42:30,522 - INFO - Waiting for application shutdown.
2021-08-09 05:42:30,523 - INFO - Application shutdown complete.
2021-08-09 05:42:30,524 - INFO - Finished server process [15]
2021-08-09 05:42:33,473 - INFO - Started server process [19]
2021-08-09 05:42:33,474 - INFO - Waiting for application startup.
2021-08-09 05:42:33,475 - INFO - Application startup complete.
2021-08-09 05:42:34,379 - INFO - Shutting down
2021-08-09 05:42:34,481 - INFO - Waiting for application shutdown.
2021-08-09 05:42:34,481 - INFO - Application shutdown complete.
2021-08-09 05:42:34,482 - INFO - Finished server process [19]
2021-08-09 05:42:36,076 - INFO - Started server process [22]
2021-08-09 05:42:36,076 - INFO - Waiting for application startup.
2021-08-09 05:42:36,078 - INFO - Application startup complete.
2021-08-09 05:43:06,800 - INFO - Shutting down
2021-08-09 05:43:06,902 - INFO - Waiting for application shutdown.
2021-08-09 05:43:06,902 - INFO - Application shutdown complete.
2021-08-09 05:43:06,903 - INFO - Finished server process [22]
2021-08-09 05:43:08,597 - INFO - Started server process [25]
2021-08-09 05:43:08,598 - INFO - Waiting for application startup.
2021-08-09 05:43:08,601 - INFO - Application startup complete.
2021-08-09 05:43:11,614 - INFO - Shutting down
2021-08-09 05:43:11,716 - INFO - Waiting for application shutdown.
2021-08-09 05:43:11,716 - INFO - Application shutdown complete.
2021-08-09 05:43:11,717 - INFO - Finished server process [25]
2021-08-09 05:43:13,413 - INFO - Started server process [28]
2021-08-09 05:43:13,415 - INFO - Waiting for application startup.
2021-08-09 05:43:13,416 - INFO - Application startup complete.
2021-08-09 05:43:14,421 - INFO - Shutting down
2021-08-09 05:43:14,522 - INFO - Waiting for application shutdown.
2021-08-09 05:43:14,523 - INFO - Application shutdown complete.
2021-08-09 05:43:14,523 - INFO - Finished server process [28]
2021-08-09 05:43:16,144 - INFO - Started server process [31]
2021-08-09 05:43:16,145 - INFO - Waiting for application startup.
2021-08-09 05:43:16,151 - INFO - Application startup complete.
2021-08-09 05:43:21,676 - INFO - Shutting down
2021-08-09 05:43:21,777 - INFO - Waiting for application shutdown.
2021-08-09 05:43:21,778 - INFO - Application shutdown complete.
2021-08-09 05:43:21,779 - INFO - Finished server process [31]
2021-08-09 05:43:35,305 - INFO - Started server process [9]
2021-08-09 05:43:35,307 - INFO - Waiting for application startup.
2021-08-09 05:43:35,308 - INFO - Application startup complete.
2021-08-09 05:43:35,410 - INFO - Shutting down
2021-08-09 05:43:35,511 - INFO - Waiting for application shutdown.
2021-08-09 05:43:35,512 - INFO - Application shutdown complete.
2021-08-09 05:43:35,514 - INFO - Finished server process [9]
2021-08-09 05:43:37,714 - INFO - Started server process [12]
2021-08-09 05:43:37,715 - INFO - Waiting for application startup.
2021-08-09 05:43:37,718 - INFO - Application startup complete.
2021-08-09 05:44:13,472 - INFO - Shutting down
2021-08-09 05:44:13,574 - INFO - Waiting for application shutdown.
2021-08-09 05:44:13,575 - INFO - Application shutdown complete.
2021-08-09 05:44:13,577 - INFO - Finished server process [12]
2021-08-09 05:44:15,367 - INFO - Started server process [16]
2021-08-09 05:44:15,367 - INFO - Waiting for application startup.
2021-08-09 05:44:15,368 - INFO - Application startup complete.
2021-08-09 05:46:10,832 - INFO - Shutting down
2021-08-09 05:46:10,934 - INFO - Waiting for application shutdown.
2021-08-09 05:46:10,935 - INFO - Application shutdown complete.
2021-08-09 05:46:10,935 - INFO - Finished server process [16]
2021-08-09 05:46:12,743 - INFO - Started server process [19]
2021-08-09 05:46:12,744 - INFO - Waiting for application startup.
2021-08-09 05:46:12,746 - INFO - Application startup complete.
2021-08-09 05:46:21,178 - INFO - Shutting down
2021-08-09 05:46:21,280 - INFO - Waiting for application shutdown.
2021-08-09 05:46:21,281 - INFO - Application shutdown complete.
2021-08-09 05:46:21,281 - INFO - Finished server process [19]
2021-08-09 05:46:22,923 - INFO - Started server process [22]
2021-08-09 05:46:22,924 - INFO - Waiting for application startup.
2021-08-09 05:46:22,928 - INFO - Application startup complete.
2021-08-09 05:46:45,020 - INFO - Shutting down
2021-08-09 05:46:45,121 - INFO - Waiting for application shutdown.
2021-08-09 05:46:45,132 - INFO - Application shutdown complete.
2021-08-09 05:46:45,136 - INFO - Finished server process [22]
2021-08-09 05:46:46,994 - INFO - Started server process [25]
2021-08-09 05:46:46,995 - INFO - Waiting for application startup.
2021-08-09 05:46:46,995 - INFO - Application startup complete.
2021-08-09 05:46:53,222 - INFO - Shutting down
2021-08-09 05:46:53,323 - INFO - Waiting for application shutdown.
2021-08-09 05:46:53,334 - INFO - Application shutdown complete.
2021-08-09 05:46:53,335 - INFO - Finished server process [25]
2021-08-09 05:46:55,360 - INFO - Started server process [28]
2021-08-09 05:46:55,361 - INFO - Waiting for application startup.
2021-08-09 05:46:55,362 - INFO - Application startup complete.
2021-08-09 05:47:08,815 - INFO - Shutting down
2021-08-09 05:47:08,916 - INFO - Waiting for application shutdown.
2021-08-09 05:47:08,917 - INFO - Application shutdown complete.
2021-08-09 05:47:08,918 - INFO - Finished server process [28]
2021-08-09 05:47:10,720 - INFO - Started server process [31]
2021-08-09 05:47:10,721 - INFO - Waiting for application startup.
2021-08-09 05:47:10,722 - INFO - Application startup complete.
2021-08-09 05:47:16,947 - INFO - Shutting down
2021-08-09 05:47:17,048 - INFO - Waiting for application shutdown.
2021-08-09 05:47:17,049 - INFO - Application shutdown complete.
2021-08-09 05:47:17,050 - INFO - Finished server process [31]
2021-08-09 05:47:18,915 - INFO - Started server process [34]
2021-08-09 05:47:18,916 - INFO - Waiting for application startup.
2021-08-09 05:47:18,917 - INFO - Application startup complete.
2021-08-09 05:47:20,525 - INFO - Shutting down
2021-08-09 05:47:20,626 - INFO - Waiting for application shutdown.
2021-08-09 05:47:20,627 - INFO - Application shutdown complete.
2021-08-09 05:47:20,628 - INFO - Finished server process [34]
2021-08-09 05:47:22,408 - INFO - Started server process [37]
2021-08-09 05:47:22,409 - INFO - Waiting for application startup.
2021-08-09 05:47:22,410 - INFO - Application startup complete.
2021-08-09 05:47:34,257 - INFO - Shutting down
2021-08-09 05:47:34,358 - INFO - Waiting for application shutdown.
2021-08-09 05:47:34,359 - INFO - Application shutdown complete.
2021-08-09 05:47:34,360 - INFO - Finished server process [37]
2021-08-09 05:47:36,367 - INFO - Started server process [40]
2021-08-09 05:47:36,368 - INFO - Waiting for application startup.
2021-08-09 05:47:36,370 - INFO - Application startup complete.
2021-08-09 05:47:36,773 - INFO - Shutting down
2021-08-09 05:47:36,874 - INFO - Waiting for application shutdown.
2021-08-09 05:47:36,875 - INFO - Application shutdown complete.
2021-08-09 05:47:36,876 - INFO - Finished server process [40]
2021-08-09 05:47:38,733 - INFO - Started server process [43]
2021-08-09 05:47:38,733 - INFO - Waiting for application startup.
2021-08-09 05:47:38,734 - INFO - Application startup complete.
2021-08-09 05:47:50,604 - INFO - Started server process [10]
2021-08-09 05:47:50,605 - INFO - Waiting for application startup.
2021-08-09 05:47:50,606 - INFO - Application startup complete.
2021-08-09 05:47:58,434 - INFO - Shutting down
2021-08-09 05:47:58,536 - INFO - Waiting for application shutdown.
2021-08-09 05:47:58,537 - INFO - Application shutdown complete.
2021-08-09 05:47:58,537 - INFO - Finished server process [10]
2021-08-09 05:48:00,161 - INFO - Started server process [13]
2021-08-09 05:48:00,161 - INFO - Waiting for application startup.
2021-08-09 05:48:00,163 - INFO - Application startup complete.
2021-08-09 05:48:52,313 - INFO - Started server process [9]
2021-08-09 05:48:52,314 - INFO - Waiting for application startup.
2021-08-09 05:48:52,315 - INFO - Application startup complete.
