2021-08-09 04:43:51,800 - INFO - Started server process [23]
2021-08-09 04:43:51,801 - INFO - Waiting for application startup.
2021-08-09 04:43:51,802 - INFO - Application startup complete.
2021-08-09 04:44:11,579 - INFO - Shutting down
2021-08-09 04:44:11,680 - INFO - Waiting for application shutdown.
2021-08-09 04:44:11,681 - INFO - Application shutdown complete.
2021-08-09 04:44:11,681 - INFO - Finished server process [23]
2021-08-09 04:44:13,407 - INFO - Started server process [27]
2021-08-09 04:44:13,408 - INFO - Waiting for application startup.
2021-08-09 04:44:13,408 - INFO - Application startup complete.
2021-08-09 04:44:15,116 - INFO - Shutting down
2021-08-09 04:44:15,217 - INFO - Waiting for application shutdown.
2021-08-09 04:44:15,219 - INFO - Application shutdown complete.
2021-08-09 04:44:15,220 - INFO - Finished server process [27]
2021-08-09 04:44:16,899 - INFO - Started server process [30]
2021-08-09 04:44:16,900 - INFO - Waiting for application startup.
2021-08-09 04:44:16,901 - INFO - Application startup complete.
2021-08-09 04:44:17,905 - INFO - Shutting down
2021-08-09 04:44:18,012 - INFO - Waiting for application shutdown.
2021-08-09 04:44:18,013 - INFO - Application shutdown complete.
2021-08-09 04:44:18,013 - INFO - Finished server process [30]
2021-08-09 04:44:19,952 - INFO - Started server process [33]
2021-08-09 04:44:19,953 - INFO - Waiting for application startup.
2021-08-09 04:44:19,953 - INFO - Application startup complete.
2021-08-09 04:45:30,735 - INFO - Shutting down
2021-08-09 04:45:30,836 - INFO - Waiting for application shutdown.
2021-08-09 04:45:30,838 - INFO - Application shutdown complete.
2021-08-09 04:45:30,839 - INFO - Finished server process [33]
2021-08-09 04:45:32,594 - INFO - Started server process [37]
2021-08-09 04:45:32,595 - INFO - Waiting for application startup.
2021-08-09 04:45:32,595 - INFO - Application startup complete.
2021-08-09 04:45:40,124 - INFO - Shutting down
2021-08-09 04:45:40,225 - INFO - Waiting for application shutdown.
2021-08-09 04:45:40,226 - INFO - Application shutdown complete.
2021-08-09 04:45:40,227 - INFO - Finished server process [37]
2021-08-09 04:45:41,795 - INFO - Started server process [40]
2021-08-09 04:45:41,796 - INFO - Waiting for application startup.
2021-08-09 04:45:41,797 - INFO - Application startup complete.
2021-08-09 04:45:42,702 - INFO - Shutting down
2021-08-09 04:45:42,803 - INFO - Waiting for application shutdown.
2021-08-09 04:45:42,804 - INFO - Application shutdown complete.
2021-08-09 04:45:42,804 - INFO - Finished server process [40]
2021-08-09 04:45:44,438 - INFO - Started server process [43]
2021-08-09 04:45:44,438 - INFO - Waiting for application startup.
2021-08-09 04:45:44,439 - INFO - Application startup complete.
2021-08-09 04:45:51,867 - INFO - Shutting down
2021-08-09 04:45:51,968 - INFO - Waiting for application shutdown.
2021-08-09 04:45:51,969 - INFO - Application shutdown complete.
2021-08-09 04:45:51,970 - INFO - Finished server process [43]
2021-08-09 04:45:53,619 - INFO - Started server process [46]
2021-08-09 04:45:53,619 - INFO - Waiting for application startup.
2021-08-09 04:45:53,620 - INFO - Application startup complete.
2021-08-09 04:46:02,054 - INFO - Shutting down
2021-08-09 04:46:02,155 - INFO - Waiting for application shutdown.
2021-08-09 04:46:02,157 - INFO - Application shutdown complete.
2021-08-09 04:46:02,158 - INFO - Finished server process [46]
2021-08-09 04:46:03,768 - INFO - Started server process [49]
2021-08-09 04:46:03,769 - INFO - Waiting for application startup.
2021-08-09 04:46:03,769 - INFO - Application startup complete.
2021-08-09 04:46:27,460 - INFO - Shutting down
2021-08-09 04:46:27,562 - INFO - Waiting for application shutdown.
2021-08-09 04:46:27,563 - INFO - Application shutdown complete.
2021-08-09 04:46:27,564 - INFO - Finished server process [49]
2021-08-09 04:46:29,295 - INFO - Started server process [52]
2021-08-09 04:46:29,296 - INFO - Waiting for application startup.
2021-08-09 04:46:29,296 - INFO - Application startup complete.
2021-08-09 04:46:34,216 - INFO - Shutting down
2021-08-09 04:46:34,318 - INFO - Waiting for application shutdown.
2021-08-09 04:46:34,318 - INFO - Application shutdown complete.
2021-08-09 04:46:34,319 - INFO - Finished server process [52]
2021-08-09 04:46:36,071 - INFO - Started server process [55]
2021-08-09 04:46:36,072 - INFO - Waiting for application startup.
2021-08-09 04:46:36,072 - INFO - Application startup complete.
2021-08-09 04:46:39,386 - INFO - Shutting down
2021-08-09 04:46:39,487 - INFO - Waiting for application shutdown.
2021-08-09 04:46:39,488 - INFO - Application shutdown complete.
2021-08-09 04:46:39,488 - INFO - Finished server process [55]
2021-08-09 04:46:41,102 - INFO - Started server process [58]
2021-08-09 04:46:41,103 - INFO - Waiting for application startup.
2021-08-09 04:46:41,104 - INFO - Application startup complete.
2021-08-09 04:46:54,553 - INFO - Shutting down
2021-08-09 04:46:54,654 - INFO - Waiting for application shutdown.
2021-08-09 04:46:54,655 - INFO - Application shutdown complete.
2021-08-09 04:46:54,656 - INFO - Finished server process [58]
2021-08-09 04:46:56,317 - INFO - Started server process [61]
2021-08-09 04:46:56,318 - INFO - Waiting for application startup.
2021-08-09 04:46:56,318 - INFO - Application startup complete.
2021-08-09 04:47:59,974 - INFO - Shutting down
2021-08-09 04:48:00,075 - INFO - Waiting for application shutdown.
2021-08-09 04:48:00,077 - INFO - Application shutdown complete.
2021-08-09 04:48:00,077 - INFO - Finished server process [61]
2021-08-09 04:48:01,814 - INFO - Started server process [65]
2021-08-09 04:48:01,815 - INFO - Waiting for application startup.
2021-08-09 04:48:01,815 - INFO - Application startup complete.
2021-08-09 04:48:04,827 - INFO - Shutting down
2021-08-09 04:48:04,929 - INFO - Waiting for application shutdown.
2021-08-09 04:48:04,930 - INFO - Application shutdown complete.
2021-08-09 04:48:04,931 - INFO - Finished server process [65]
2021-08-09 04:48:06,527 - INFO - Started server process [68]
2021-08-09 04:48:06,533 - INFO - Waiting for application startup.
2021-08-09 04:48:06,534 - INFO - Application startup complete.
2021-08-09 04:49:09,576 - INFO - Shutting down
2021-08-09 04:49:09,677 - INFO - Waiting for application shutdown.
2021-08-09 04:49:09,680 - INFO - Application shutdown complete.
2021-08-09 04:49:09,682 - INFO - Finished server process [68]
2021-08-09 04:49:11,305 - INFO - Started server process [71]
2021-08-09 04:49:11,306 - INFO - Waiting for application startup.
2021-08-09 04:49:11,307 - INFO - Application startup complete.
2021-08-09 04:49:11,910 - INFO - Shutting down
2021-08-09 04:49:12,011 - INFO - Waiting for application shutdown.
2021-08-09 04:49:12,012 - INFO - Application shutdown complete.
2021-08-09 04:49:12,013 - INFO - Finished server process [71]
2021-08-09 04:49:13,557 - INFO - Started server process [74]
2021-08-09 04:49:13,558 - INFO - Waiting for application startup.
2021-08-09 04:49:13,559 - INFO - Application startup complete.
2021-08-09 04:49:16,171 - INFO - Shutting down
2021-08-09 04:49:16,272 - INFO - Waiting for application shutdown.
2021-08-09 04:49:16,275 - INFO - Application shutdown complete.
2021-08-09 04:49:16,276 - INFO - Finished server process [74]
2021-08-09 04:49:17,918 - INFO - Started server process [77]
2021-08-09 04:49:17,920 - INFO - Waiting for application startup.
2021-08-09 04:49:17,921 - INFO - Application startup complete.
2021-08-09 04:50:40,582 - INFO - Started server process [9]
2021-08-09 04:50:40,582 - INFO - Waiting for application startup.
2021-08-09 04:50:40,583 - INFO - Application startup complete.
2021-08-09 04:51:37,701 - INFO - Shutting down
2021-08-09 04:51:37,802 - INFO - Waiting for application shutdown.
2021-08-09 04:51:37,803 - INFO - Application shutdown complete.
2021-08-09 04:51:37,803 - INFO - Finished server process [9]
2021-08-09 04:51:39,472 - INFO - Started server process [12]
2021-08-09 04:51:39,473 - INFO - Waiting for application startup.
2021-08-09 04:51:39,476 - INFO - Application startup complete.
2021-08-09 04:51:42,088 - INFO - Shutting down
2021-08-09 04:51:42,189 - INFO - Waiting for application shutdown.
2021-08-09 04:51:42,190 - INFO - Application shutdown complete.
2021-08-09 04:51:42,191 - INFO - Finished server process [12]
2021-08-09 04:51:43,901 - INFO - Started server process [15]
2021-08-09 04:51:43,901 - INFO - Waiting for application startup.
2021-08-09 04:51:43,903 - INFO - Application startup complete.
2021-08-09 04:52:03,184 - INFO - Shutting down
2021-08-09 04:52:03,289 - INFO - Waiting for application shutdown.
2021-08-09 04:52:03,290 - INFO - Application shutdown complete.
2021-08-09 04:52:03,291 - INFO - Finished server process [15]
2021-08-09 04:52:05,163 - INFO - Started server process [18]
2021-08-09 04:52:05,163 - INFO - Waiting for application startup.
2021-08-09 04:52:05,164 - INFO - Application startup complete.
2021-08-09 04:52:27,048 - INFO - Shutting down
2021-08-09 04:52:27,149 - INFO - Waiting for application shutdown.
2021-08-09 04:52:27,151 - INFO - Application shutdown complete.
2021-08-09 04:52:27,152 - INFO - Finished server process [18]
2021-08-09 04:52:28,965 - INFO - Started server process [21]
2021-08-09 04:52:28,966 - INFO - Waiting for application startup.
2021-08-09 04:52:28,967 - INFO - Application startup complete.
2021-08-09 04:52:38,404 - INFO - Shutting down
2021-08-09 04:52:38,506 - INFO - Waiting for application shutdown.
2021-08-09 04:52:38,507 - INFO - Application shutdown complete.
2021-08-09 04:52:38,507 - INFO - Finished server process [21]
2021-08-09 04:52:40,408 - INFO - Started server process [24]
2021-08-09 04:52:40,409 - INFO - Waiting for application startup.
2021-08-09 04:52:40,410 - INFO - Application startup complete.
2021-08-09 04:52:46,333 - INFO - Shutting down
2021-08-09 04:52:46,435 - INFO - Waiting for application shutdown.
2021-08-09 04:52:46,436 - INFO - Application shutdown complete.
2021-08-09 04:52:46,437 - INFO - Finished server process [24]
2021-08-09 04:52:48,153 - INFO - Started server process [27]
2021-08-09 04:52:48,153 - INFO - Waiting for application startup.
2021-08-09 04:52:48,154 - INFO - Application startup complete.
2021-08-09 04:52:49,460 - INFO - Shutting down
2021-08-09 04:52:49,561 - INFO - Waiting for application shutdown.
2021-08-09 04:52:49,562 - INFO - Application shutdown complete.
2021-08-09 04:52:49,563 - INFO - Finished server process [27]
2021-08-09 04:52:52,464 - INFO - Started server process [31]
2021-08-09 04:52:52,464 - INFO - Waiting for application startup.
2021-08-09 04:52:52,465 - INFO - Application startup complete.
2021-08-09 04:53:03,754 - INFO - Started server process [9]
2021-08-09 04:53:03,754 - INFO - Waiting for application startup.
2021-08-09 04:53:03,756 - INFO - Application startup complete.
2021-08-09 04:54:38,655 - INFO - Shutting down
2021-08-09 04:54:38,757 - INFO - Waiting for application shutdown.
2021-08-09 04:54:38,758 - INFO - Application shutdown complete.
2021-08-09 04:54:38,761 - INFO - Finished server process [9]
2021-08-09 04:54:40,318 - INFO - Started server process [13]
2021-08-09 04:54:40,319 - INFO - Waiting for application startup.
2021-08-09 04:54:40,319 - INFO - Application startup complete.
2021-08-09 04:54:43,332 - INFO - Shutting down
2021-08-09 04:54:43,437 - INFO - Waiting for application shutdown.
2021-08-09 04:54:43,438 - INFO - Application shutdown complete.
2021-08-09 04:54:43,439 - INFO - Finished server process [13]
2021-08-09 04:54:45,364 - INFO - Started server process [16]
2021-08-09 04:54:45,365 - INFO - Waiting for application startup.
2021-08-09 04:54:45,366 - INFO - Application startup complete.
2021-08-09 04:56:29,068 - INFO - Shutting down
2021-08-09 04:56:29,169 - INFO - Waiting for application shutdown.
2021-08-09 04:56:29,170 - INFO - Application shutdown complete.
2021-08-09 04:56:29,170 - INFO - Finished server process [16]
2021-08-09 04:56:30,854 - INFO - Started server process [20]
2021-08-09 04:56:30,854 - INFO - Waiting for application startup.
2021-08-09 04:56:30,855 - INFO - Application startup complete.
2021-08-09 04:56:57,060 - INFO - Shutting down
2021-08-09 04:56:57,161 - INFO - Waiting for application shutdown.
2021-08-09 04:56:57,162 - INFO - Application shutdown complete.
2021-08-09 04:56:57,162 - INFO - Finished server process [20]
2021-08-09 04:56:58,969 - INFO - Started server process [23]
2021-08-09 04:56:58,973 - INFO - Waiting for application startup.
2021-08-09 04:56:58,974 - INFO - Application startup complete.
2021-08-09 04:57:03,092 - INFO - Shutting down
2021-08-09 04:57:03,193 - INFO - Waiting for application shutdown.
2021-08-09 04:57:03,194 - INFO - Application shutdown complete.
2021-08-09 04:57:03,194 - INFO - Finished server process [23]
2021-08-09 04:57:04,720 - INFO - Started server process [26]
2021-08-09 04:57:04,720 - INFO - Waiting for application startup.
2021-08-09 04:57:04,721 - INFO - Application startup complete.
2021-08-09 04:57:09,944 - INFO - Shutting down
2021-08-09 04:57:10,045 - INFO - Waiting for application shutdown.
2021-08-09 04:57:10,047 - INFO - Application shutdown complete.
2021-08-09 04:57:10,049 - INFO - Finished server process [26]
2021-08-09 04:57:11,790 - INFO - Started server process [29]
2021-08-09 04:57:11,790 - INFO - Waiting for application startup.
2021-08-09 04:57:11,792 - INFO - Application startup complete.
2021-08-09 04:58:05,902 - INFO - Shutting down
2021-08-09 04:58:06,003 - INFO - Waiting for application shutdown.
2021-08-09 04:58:06,004 - INFO - Application shutdown complete.
2021-08-09 04:58:06,005 - INFO - Finished server process [29]
2021-08-09 04:58:07,679 - INFO - Started server process [32]
2021-08-09 04:58:07,680 - INFO - Waiting for application startup.
2021-08-09 04:58:07,680 - INFO - Application startup complete.
