2021-08-06 03:47:50,105 - INFO - Started server process [12]
2021-08-06 03:47:50,113 - INFO - Waiting for application startup.
2021-08-06 03:47:50,116 - INFO - Application startup complete.
2021-08-06 03:49:50,082 - INFO - Started server process [9]
2021-08-06 03:49:50,083 - INFO - Waiting for application startup.
2021-08-06 03:49:50,083 - INFO - Application startup complete.
2021-08-06 03:53:01,234 - INFO - Shutting down
2021-08-06 03:53:01,336 - INFO - Waiting for application shutdown.
2021-08-06 03:53:01,337 - INFO - Application shutdown complete.
2021-08-06 03:53:01,338 - INFO - Finished server process [9]
2021-08-06 03:53:03,299 - INFO - Started server process [10]
2021-08-06 03:53:03,300 - INFO - Waiting for application startup.
2021-08-06 03:53:03,300 - INFO - Application startup complete.
2021-08-06 03:53:23,589 - INFO - Shutting down
2021-08-06 03:53:23,691 - INFO - Waiting for application shutdown.
2021-08-06 03:53:23,692 - INFO - Application shutdown complete.
2021-08-06 03:53:23,692 - INFO - Finished server process [10]
2021-08-06 03:53:27,744 - INFO - Started server process [14]
2021-08-06 03:53:27,745 - INFO - Waiting for application startup.
2021-08-06 03:53:27,746 - INFO - Application startup complete.
2021-08-06 03:53:29,355 - INFO - Shutting down
2021-08-06 03:53:29,456 - INFO - Waiting for application shutdown.
2021-08-06 03:53:29,457 - INFO - Application shutdown complete.
2021-08-06 03:53:29,457 - INFO - Finished server process [14]
2021-08-06 03:53:31,783 - INFO - Started server process [17]
2021-08-06 03:53:31,784 - INFO - Waiting for application startup.
2021-08-06 03:53:31,784 - INFO - Application startup complete.
2021-08-06 03:53:32,188 - INFO - Shutting down
2021-08-06 03:53:32,289 - INFO - Waiting for application shutdown.
2021-08-06 03:53:32,290 - INFO - Application shutdown complete.
2021-08-06 03:53:32,292 - INFO - Finished server process [17]
2021-08-06 03:54:02,977 - INFO - Started server process [27]
2021-08-06 03:54:02,978 - INFO - Waiting for application startup.
2021-08-06 03:54:02,978 - INFO - Application startup complete.
2021-08-06 03:54:04,287 - INFO - Shutting down
2021-08-06 03:54:04,389 - INFO - Waiting for application shutdown.
2021-08-06 03:54:04,390 - INFO - Application shutdown complete.
2021-08-06 03:54:04,392 - INFO - Finished server process [27]
2021-08-06 03:54:06,264 - INFO - Started server process [30]
2021-08-06 03:54:06,266 - INFO - Waiting for application startup.
2021-08-06 03:54:06,269 - INFO - Application startup complete.
2021-08-06 03:54:29,270 - INFO - Shutting down
2021-08-06 03:54:29,371 - INFO - Waiting for application shutdown.
2021-08-06 03:54:29,372 - INFO - Application shutdown complete.
2021-08-06 03:54:29,373 - INFO - Finished server process [30]
2021-08-06 03:54:31,636 - INFO - Started server process [33]
2021-08-06 03:54:31,638 - INFO - Waiting for application startup.
2021-08-06 03:54:31,640 - INFO - Application startup complete.
2021-08-06 03:54:46,410 - INFO - Shutting down
2021-08-06 03:54:46,512 - INFO - Waiting for application shutdown.
2021-08-06 03:54:46,513 - INFO - Application shutdown complete.
2021-08-06 03:54:46,517 - INFO - Finished server process [33]
2021-08-06 03:56:30,874 - INFO - Started server process [57]
2021-08-06 03:56:30,875 - INFO - Waiting for application startup.
2021-08-06 03:56:30,877 - INFO - Application startup complete.
2021-08-06 03:56:38,107 - INFO - Shutting down
2021-08-06 03:56:38,208 - INFO - Waiting for application shutdown.
2021-08-06 03:56:38,210 - INFO - Application shutdown complete.
2021-08-06 03:56:38,211 - INFO - Finished server process [57]
2021-08-06 03:56:40,046 - INFO - Started server process [60]
2021-08-06 03:56:40,048 - INFO - Waiting for application startup.
2021-08-06 03:56:40,050 - INFO - Application startup complete.
2021-08-06 03:57:05,667 - INFO - Shutting down
2021-08-06 03:57:05,768 - INFO - Waiting for application shutdown.
2021-08-06 03:57:05,769 - INFO - Application shutdown complete.
2021-08-06 03:57:05,769 - INFO - Finished server process [60]
2021-08-06 03:57:07,843 - INFO - Started server process [63]
2021-08-06 03:57:07,845 - INFO - Waiting for application startup.
2021-08-06 03:57:07,846 - INFO - Application startup complete.
2021-08-06 03:57:53,347 - INFO - Shutting down
2021-08-06 03:57:53,448 - INFO - Waiting for application shutdown.
2021-08-06 03:57:53,449 - INFO - Application shutdown complete.
2021-08-06 03:57:53,451 - INFO - Finished server process [63]
2021-08-06 03:57:55,488 - INFO - Started server process [66]
2021-08-06 03:57:55,489 - INFO - Waiting for application startup.
2021-08-06 03:57:55,491 - INFO - Application startup complete.
2021-08-06 03:58:19,294 - INFO - Shutting down
2021-08-06 03:58:19,396 - INFO - Waiting for application shutdown.
2021-08-06 03:58:19,396 - INFO - Application shutdown complete.
2021-08-06 03:58:19,397 - INFO - Finished server process [66]
2021-08-06 03:58:21,247 - INFO - Started server process [69]
2021-08-06 03:58:21,248 - INFO - Waiting for application startup.
2021-08-06 03:58:21,249 - INFO - Application startup complete.
2021-08-06 03:58:50,074 - INFO - Shutting down
2021-08-06 03:58:50,177 - INFO - Waiting for application shutdown.
2021-08-06 03:58:50,179 - INFO - Application shutdown complete.
2021-08-06 03:58:50,181 - INFO - Finished server process [69]
2021-08-06 03:58:52,041 - INFO - Started server process [72]
2021-08-06 03:58:52,042 - INFO - Waiting for application startup.
2021-08-06 03:58:52,042 - INFO - Application startup complete.
2021-08-06 03:58:56,764 - INFO - Shutting down
2021-08-06 03:58:56,866 - INFO - Waiting for application shutdown.
2021-08-06 03:58:56,867 - INFO - Application shutdown complete.
2021-08-06 03:58:56,867 - INFO - Finished server process [72]
2021-08-06 03:58:59,202 - INFO - Started server process [75]
2021-08-06 03:58:59,203 - INFO - Waiting for application startup.
2021-08-06 03:58:59,204 - INFO - Application startup complete.
2021-08-06 03:59:00,311 - INFO - Shutting down
2021-08-06 03:59:00,413 - INFO - Waiting for application shutdown.
2021-08-06 03:59:00,414 - INFO - Application shutdown complete.
2021-08-06 03:59:00,415 - INFO - Finished server process [75]
2021-08-06 03:59:02,238 - INFO - Started server process [78]
2021-08-06 03:59:02,238 - INFO - Waiting for application startup.
2021-08-06 03:59:02,239 - INFO - Application startup complete.
2021-08-06 03:59:03,848 - INFO - Shutting down
2021-08-06 03:59:03,949 - INFO - Waiting for application shutdown.
2021-08-06 03:59:03,950 - INFO - Application shutdown complete.
2021-08-06 03:59:03,950 - INFO - Finished server process [78]
2021-08-06 03:59:05,687 - INFO - Started server process [81]
2021-08-06 03:59:05,688 - INFO - Waiting for application startup.
2021-08-06 03:59:05,688 - INFO - Application startup complete.
2021-08-06 03:59:10,714 - INFO - Shutting down
2021-08-06 03:59:10,816 - INFO - Waiting for application shutdown.
2021-08-06 03:59:10,819 - INFO - Application shutdown complete.
2021-08-06 03:59:10,821 - INFO - Finished server process [81]
2021-08-06 03:59:12,786 - INFO - Started server process [84]
2021-08-06 03:59:12,787 - INFO - Waiting for application startup.
2021-08-06 03:59:12,789 - INFO - Application startup complete.
2021-08-06 03:59:17,812 - INFO - Shutting down
2021-08-06 03:59:17,913 - INFO - Waiting for application shutdown.
2021-08-06 03:59:17,916 - INFO - Application shutdown complete.
2021-08-06 03:59:17,919 - INFO - Finished server process [84]
2021-08-06 03:59:49,048 - INFO - Started server process [99]
2021-08-06 03:59:49,049 - INFO - Waiting for application startup.
2021-08-06 03:59:49,050 - INFO - Application startup complete.
2021-08-06 04:00:02,415 - INFO - Shutting down
2021-08-06 04:00:02,517 - INFO - Waiting for application shutdown.
2021-08-06 04:00:02,519 - INFO - Application shutdown complete.
2021-08-06 04:00:02,520 - INFO - Finished server process [99]
