2021-08-06 04:00:04,273 - INFO - Started server process [102]
2021-08-06 04:00:04,274 - INFO - Waiting for application startup.
2021-08-06 04:00:04,274 - INFO - Application startup complete.
2021-08-06 04:00:18,226 - INFO - select version()
2021-08-06 04:00:18,227 - INFO - [raw sql] {}
2021-08-06 04:00:18,242 - INFO - select current_schema()
2021-08-06 04:00:18,243 - INFO - [raw sql] {}
2021-08-06 04:00:18,260 - INFO - show standard_conforming_strings
2021-08-06 04:00:18,260 - INFO - [raw sql] {}
2021-08-06 04:00:18,276 - INFO - BEGIN (implicit)
2021-08-06 04:00:18,280 - INFO - SELECT "web-management".user_role.id AS "web-management_user_role_id", "web-management".user_role.user_name AS "web-management_user_role_user_name", "web-management".user_role.role_name AS "web-management_user_role_role_name", "web-management".user_role.role_id AS "web-management_user_role_role_id", "web-management".user_role.create_date AS "web-management_user_role_create_date", "web-management".user_role.update_date AS "web-management_user_role_update_date" 
FROM "web-management".user_role 
WHERE "web-management".user_role.user_name = %(user_name_1)s
2021-08-06 04:00:18,281 - INFO - [generated in 0.00178s] {'user_name_1': 'duynn_1'}
2021-08-06 04:00:18,304 - INFO - ROLLBACK
2021-08-06 04:00:45,975 - INFO - Shutting down
2021-08-06 04:00:46,077 - INFO - Waiting for application shutdown.
2021-08-06 04:00:46,078 - INFO - Application shutdown complete.
2021-08-06 04:00:46,079 - INFO - Finished server process [102]
2021-08-06 04:00:47,883 - INFO - Started server process [106]
2021-08-06 04:00:47,884 - INFO - Waiting for application startup.
2021-08-06 04:00:47,885 - INFO - Application startup complete.
2021-08-06 04:08:09,182 - INFO - Shutting down
2021-08-06 04:08:09,284 - INFO - Waiting for application shutdown.
2021-08-06 04:08:09,286 - INFO - Application shutdown complete.
2021-08-06 04:08:09,288 - INFO - Finished server process [106]
2021-08-06 04:08:11,204 - INFO - Started server process [109]
2021-08-06 04:08:11,205 - INFO - Waiting for application startup.
2021-08-06 04:08:11,205 - INFO - Application startup complete.
2021-08-06 04:08:15,927 - INFO - Shutting down
2021-08-06 04:08:16,028 - INFO - Waiting for application shutdown.
2021-08-06 04:08:16,030 - INFO - Application shutdown complete.
2021-08-06 04:08:16,034 - INFO - Finished server process [109]
2021-08-06 04:08:17,817 - INFO - Started server process [112]
2021-08-06 04:08:17,818 - INFO - Waiting for application startup.
2021-08-06 04:08:17,819 - INFO - Application startup complete.
2021-08-06 04:08:36,708 - INFO - Shutting down
2021-08-06 04:08:36,810 - INFO - Waiting for application shutdown.
2021-08-06 04:08:36,811 - INFO - Application shutdown complete.
2021-08-06 04:08:36,812 - INFO - Finished server process [112]
2021-08-06 04:08:38,659 - INFO - Started server process [115]
2021-08-06 04:08:38,660 - INFO - Waiting for application startup.
2021-08-06 04:08:38,661 - INFO - Application startup complete.
2021-08-06 04:09:14,930 - INFO - Shutting down
2021-08-06 04:09:15,031 - INFO - Waiting for application shutdown.
2021-08-06 04:09:15,033 - INFO - Application shutdown complete.
2021-08-06 04:09:15,033 - INFO - Finished server process [115]
2021-08-06 04:09:18,623 - INFO - Started server process [119]
2021-08-06 04:09:18,624 - INFO - Waiting for application startup.
2021-08-06 04:09:18,624 - INFO - Application startup complete.
2021-08-06 04:09:21,438 - INFO - Shutting down
2021-08-06 04:09:21,540 - INFO - Waiting for application shutdown.
2021-08-06 04:09:21,540 - INFO - Application shutdown complete.
2021-08-06 04:09:21,541 - INFO - Finished server process [119]
2021-08-06 04:09:23,413 - INFO - Started server process [122]
2021-08-06 04:09:23,414 - INFO - Waiting for application startup.
2021-08-06 04:09:23,415 - INFO - Application startup complete.
2021-08-06 04:09:57,478 - INFO - Shutting down
2021-08-06 04:09:57,580 - INFO - Waiting for application shutdown.
2021-08-06 04:09:57,581 - INFO - Application shutdown complete.
2021-08-06 04:09:57,581 - INFO - Finished server process [122]
2021-08-06 04:09:59,639 - INFO - Started server process [125]
2021-08-06 04:09:59,640 - INFO - Waiting for application startup.
2021-08-06 04:09:59,642 - INFO - Application startup complete.
2021-08-06 04:10:21,442 - INFO - Shutting down
2021-08-06 04:10:21,544 - INFO - Waiting for application shutdown.
2021-08-06 04:10:21,545 - INFO - Application shutdown complete.
2021-08-06 04:10:21,545 - INFO - Finished server process [125]
2021-08-06 04:10:23,576 - INFO - Started server process [128]
2021-08-06 04:10:23,577 - INFO - Waiting for application startup.
2021-08-06 04:10:23,579 - INFO - Application startup complete.
2021-08-06 04:11:16,736 - INFO - Shutting down
2021-08-06 04:11:16,838 - INFO - Waiting for application shutdown.
2021-08-06 04:11:16,839 - INFO - Application shutdown complete.
2021-08-06 04:11:16,840 - INFO - Finished server process [128]
2021-08-06 04:11:18,675 - INFO - Started server process [131]
2021-08-06 04:11:18,676 - INFO - Waiting for application startup.
2021-08-06 04:11:18,677 - INFO - Application startup complete.
2021-08-06 04:11:28,119 - INFO - Shutting down
2021-08-06 04:11:28,220 - INFO - Waiting for application shutdown.
2021-08-06 04:11:28,222 - INFO - Application shutdown complete.
2021-08-06 04:11:28,225 - INFO - Finished server process [131]
2021-08-06 04:11:30,095 - INFO - Started server process [134]
2021-08-06 04:11:30,095 - INFO - Waiting for application startup.
2021-08-06 04:11:30,096 - INFO - Application startup complete.
2021-08-06 04:11:47,478 - INFO - Shutting down
2021-08-06 04:11:47,580 - INFO - Waiting for application shutdown.
2021-08-06 04:11:47,582 - INFO - Application shutdown complete.
2021-08-06 04:11:47,583 - INFO - Finished server process [134]
2021-08-06 04:11:49,694 - INFO - Started server process [137]
2021-08-06 04:11:49,695 - INFO - Waiting for application startup.
2021-08-06 04:11:49,695 - INFO - Application startup complete.
2021-08-06 04:12:06,972 - INFO - Shutting down
2021-08-06 04:12:07,074 - INFO - Waiting for application shutdown.
2021-08-06 04:12:07,075 - INFO - Application shutdown complete.
2021-08-06 04:12:07,077 - INFO - Finished server process [137]
2021-08-06 04:12:09,210 - INFO - Started server process [140]
2021-08-06 04:12:09,210 - INFO - Waiting for application startup.
2021-08-06 04:12:09,211 - INFO - Application startup complete.
2021-08-06 04:12:15,439 - INFO - Shutting down
2021-08-06 04:12:15,541 - INFO - Waiting for application shutdown.
2021-08-06 04:12:15,541 - INFO - Application shutdown complete.
2021-08-06 04:12:15,542 - INFO - Finished server process [140]
2021-08-06 04:12:17,547 - INFO - Started server process [143]
2021-08-06 04:12:17,548 - INFO - Waiting for application startup.
2021-08-06 04:12:17,549 - INFO - Application startup complete.
2021-08-06 04:12:31,614 - INFO - Shutting down
2021-08-06 04:12:31,716 - INFO - Waiting for application shutdown.
2021-08-06 04:12:31,717 - INFO - Application shutdown complete.
2021-08-06 04:12:31,718 - INFO - Finished server process [143]
2021-08-06 04:12:33,664 - INFO - Started server process [146]
2021-08-06 04:12:33,665 - INFO - Waiting for application startup.
2021-08-06 04:12:33,666 - INFO - Application startup complete.
2021-08-06 04:13:15,759 - INFO - Shutting down
2021-08-06 04:13:15,860 - INFO - Waiting for application shutdown.
2021-08-06 04:13:15,862 - INFO - Application shutdown complete.
2021-08-06 04:13:15,863 - INFO - Finished server process [146]
2021-08-06 04:13:17,791 - INFO - Started server process [149]
2021-08-06 04:13:17,792 - INFO - Waiting for application startup.
2021-08-06 04:13:17,792 - INFO - Application startup complete.
2021-08-06 04:13:20,204 - INFO - Shutting down
2021-08-06 04:13:20,306 - INFO - Waiting for application shutdown.
2021-08-06 04:13:20,307 - INFO - Application shutdown complete.
2021-08-06 04:13:20,308 - INFO - Finished server process [149]
2021-08-06 04:13:22,044 - INFO - Started server process [152]
2021-08-06 04:13:22,044 - INFO - Waiting for application startup.
2021-08-06 04:13:22,046 - INFO - Application startup complete.
2021-08-06 04:13:26,368 - INFO - Shutting down
2021-08-06 04:13:26,470 - INFO - Waiting for application shutdown.
2021-08-06 04:13:26,471 - INFO - Application shutdown complete.
2021-08-06 04:13:26,472 - INFO - Finished server process [152]
2021-08-06 04:13:28,502 - INFO - Started server process [155]
2021-08-06 04:13:28,503 - INFO - Waiting for application startup.
2021-08-06 04:13:28,504 - INFO - Application startup complete.
2021-08-06 04:13:30,514 - INFO - Shutting down
2021-08-06 04:13:30,615 - INFO - Waiting for application shutdown.
2021-08-06 04:13:30,617 - INFO - Application shutdown complete.
2021-08-06 04:13:30,619 - INFO - Finished server process [155]
2021-08-06 04:13:32,497 - INFO - Started server process [158]
2021-08-06 04:13:32,499 - INFO - Waiting for application startup.
2021-08-06 04:13:32,500 - INFO - Application startup complete.
2021-08-06 04:13:33,306 - INFO - Shutting down
2021-08-06 04:13:33,410 - INFO - Waiting for application shutdown.
2021-08-06 04:13:33,411 - INFO - Application shutdown complete.
2021-08-06 04:13:33,412 - INFO - Finished server process [158]
2021-08-06 04:13:35,242 - INFO - Started server process [161]
2021-08-06 04:13:35,243 - INFO - Waiting for application startup.
2021-08-06 04:13:35,244 - INFO - Application startup complete.
2021-08-06 04:14:31,916 - INFO - Shutting down
2021-08-06 04:14:32,017 - INFO - Waiting for application shutdown.
2021-08-06 04:14:32,018 - INFO - Application shutdown complete.
2021-08-06 04:14:32,018 - INFO - Finished server process [161]
2021-08-06 04:14:33,949 - INFO - Started server process [164]
2021-08-06 04:14:33,950 - INFO - Waiting for application startup.
2021-08-06 04:14:33,951 - INFO - Application startup complete.
2021-08-06 04:14:43,194 - INFO - Shutting down
2021-08-06 04:14:43,295 - INFO - Waiting for application shutdown.
2021-08-06 04:14:43,297 - INFO - Application shutdown complete.
2021-08-06 04:14:43,298 - INFO - Finished server process [164]
2021-08-06 04:14:45,296 - INFO - Started server process [167]
2021-08-06 04:14:45,297 - INFO - Waiting for application startup.
2021-08-06 04:14:45,298 - INFO - Application startup complete.
2021-08-06 04:15:02,777 - INFO - Shutting down
2021-08-06 04:15:02,878 - INFO - Waiting for application shutdown.
2021-08-06 04:15:02,880 - INFO - Application shutdown complete.
2021-08-06 04:15:02,885 - INFO - Finished server process [167]
2021-08-06 04:15:04,717 - INFO - Started server process [170]
2021-08-06 04:15:04,718 - INFO - Waiting for application startup.
2021-08-06 04:15:04,719 - INFO - Application startup complete.
2021-08-06 04:16:47,988 - INFO - Shutting down
2021-08-06 04:16:48,089 - INFO - Waiting for application shutdown.
2021-08-06 04:16:48,090 - INFO - Application shutdown complete.
2021-08-06 04:16:48,091 - INFO - Finished server process [170]
2021-08-06 04:16:49,953 - INFO - Started server process [173]
2021-08-06 04:16:49,954 - INFO - Waiting for application startup.
2021-08-06 04:16:49,955 - INFO - Application startup complete.
2021-08-06 04:17:23,611 - INFO - Shutting down
2021-08-06 04:17:23,714 - INFO - Waiting for application shutdown.
2021-08-06 04:17:23,714 - INFO - Application shutdown complete.
2021-08-06 04:17:23,715 - INFO - Finished server process [173]
2021-08-06 04:17:25,430 - INFO - Started server process [176]
2021-08-06 04:17:25,431 - INFO - Waiting for application startup.
2021-08-06 04:17:25,431 - INFO - Application startup complete.
2021-08-06 04:18:47,101 - INFO - Shutting down
2021-08-06 04:18:47,203 - INFO - Waiting for application shutdown.
2021-08-06 04:18:47,204 - INFO - Application shutdown complete.
2021-08-06 04:18:47,204 - INFO - Finished server process [176]
2021-08-06 04:18:49,299 - INFO - Started server process [179]
2021-08-06 04:18:49,300 - INFO - Waiting for application startup.
2021-08-06 04:18:49,302 - INFO - Application startup complete.
2021-08-06 04:19:16,425 - INFO - Shutting down
2021-08-06 04:19:16,526 - INFO - Waiting for application shutdown.
2021-08-06 04:19:16,527 - INFO - Application shutdown complete.
2021-08-06 04:19:16,528 - INFO - Finished server process [179]
2021-08-06 04:19:18,447 - INFO - Started server process [182]
2021-08-06 04:19:18,448 - INFO - Waiting for application startup.
2021-08-06 04:19:18,448 - INFO - Application startup complete.
2021-08-06 04:19:33,014 - INFO - Shutting down
2021-08-06 04:19:33,117 - INFO - Waiting for application shutdown.
2021-08-06 04:19:33,118 - INFO - Application shutdown complete.
2021-08-06 04:19:33,121 - INFO - Finished server process [182]
2021-08-06 04:19:34,887 - INFO - Started server process [185]
2021-08-06 04:19:34,887 - INFO - Waiting for application startup.
2021-08-06 04:19:34,890 - INFO - Application startup complete.
2021-08-06 04:19:47,552 - INFO - Shutting down
2021-08-06 04:19:47,654 - INFO - Waiting for application shutdown.
2021-08-06 04:19:47,655 - INFO - Application shutdown complete.
2021-08-06 04:19:47,657 - INFO - Finished server process [185]
2021-08-06 04:19:49,512 - INFO - Started server process [188]
2021-08-06 04:19:49,513 - INFO - Waiting for application startup.
2021-08-06 04:19:49,514 - INFO - Application startup complete.
2021-08-06 04:19:56,248 - INFO - Shutting down
2021-08-06 04:19:56,349 - INFO - Waiting for application shutdown.
2021-08-06 04:19:56,351 - INFO - Application shutdown complete.
2021-08-06 04:19:56,352 - INFO - Finished server process [188]
2021-08-06 04:19:58,274 - INFO - Started server process [191]
2021-08-06 04:19:58,275 - INFO - Waiting for application startup.
2021-08-06 04:19:58,280 - INFO - Application startup complete.
2021-08-06 04:20:07,525 - INFO - Shutting down
2021-08-06 04:20:07,626 - INFO - Waiting for application shutdown.
2021-08-06 04:20:07,627 - INFO - Application shutdown complete.
2021-08-06 04:20:07,628 - INFO - Finished server process [191]
2021-08-06 04:20:09,551 - INFO - Started server process [194]
2021-08-06 04:20:09,552 - INFO - Waiting for application startup.
2021-08-06 04:20:09,553 - INFO - Application startup complete.
2021-08-06 04:21:20,877 - INFO - Shutting down
2021-08-06 04:21:20,979 - INFO - Waiting for application shutdown.
2021-08-06 04:21:20,980 - INFO - Application shutdown complete.
2021-08-06 04:21:20,982 - INFO - Finished server process [194]
2021-08-06 04:21:23,027 - INFO - Started server process [197]
2021-08-06 04:21:23,028 - INFO - Waiting for application startup.
2021-08-06 04:21:23,031 - INFO - Application startup complete.
2021-08-06 04:21:31,470 - INFO - Shutting down
2021-08-06 04:21:31,571 - INFO - Waiting for application shutdown.
2021-08-06 04:21:31,572 - INFO - Application shutdown complete.
2021-08-06 04:21:31,573 - INFO - Finished server process [197]
2021-08-06 04:21:33,478 - INFO - Started server process [200]
2021-08-06 04:21:33,478 - INFO - Waiting for application startup.
2021-08-06 04:21:33,480 - INFO - Application startup complete.
2021-08-06 04:21:35,088 - INFO - Shutting down
2021-08-06 04:21:35,189 - INFO - Waiting for application shutdown.
2021-08-06 04:21:35,191 - INFO - Application shutdown complete.
2021-08-06 04:21:35,192 - INFO - Finished server process [200]
2021-08-06 04:21:37,008 - INFO - Started server process [203]
2021-08-06 04:21:37,009 - INFO - Waiting for application startup.
2021-08-06 04:21:37,010 - INFO - Application startup complete.
2021-08-06 04:21:39,522 - INFO - Shutting down
2021-08-06 04:21:39,623 - INFO - Waiting for application shutdown.
2021-08-06 04:21:39,624 - INFO - Application shutdown complete.
2021-08-06 04:21:39,625 - INFO - Finished server process [203]
2021-08-06 04:21:41,446 - INFO - Started server process [206]
2021-08-06 04:21:41,446 - INFO - Waiting for application startup.
2021-08-06 04:21:41,447 - INFO - Application startup complete.
2021-08-06 04:21:42,252 - INFO - Shutting down
2021-08-06 04:21:42,353 - INFO - Waiting for application shutdown.
2021-08-06 04:21:42,354 - INFO - Application shutdown complete.
2021-08-06 04:21:42,354 - INFO - Finished server process [206]
2021-08-06 04:21:44,154 - INFO - Started server process [209]
2021-08-06 04:21:44,155 - INFO - Waiting for application startup.
2021-08-06 04:21:44,156 - INFO - Application startup complete.
2021-08-06 04:21:45,463 - INFO - Shutting down
2021-08-06 04:21:45,564 - INFO - Waiting for application shutdown.
2021-08-06 04:21:45,570 - INFO - Application shutdown complete.
2021-08-06 04:21:45,571 - INFO - Finished server process [209]
2021-08-06 04:21:47,272 - INFO - Started server process [212]
2021-08-06 04:21:47,273 - INFO - Waiting for application startup.
2021-08-06 04:21:47,274 - INFO - Application startup complete.
2021-08-06 04:22:00,537 - INFO - Shutting down
2021-08-06 04:22:00,638 - INFO - Waiting for application shutdown.
2021-08-06 04:22:00,641 - INFO - Application shutdown complete.
2021-08-06 04:22:00,643 - INFO - Finished server process [212]
2021-08-06 04:22:02,485 - INFO - Started server process [215]
2021-08-06 04:22:02,486 - INFO - Waiting for application startup.
2021-08-06 04:22:02,486 - INFO - Application startup complete.
2021-08-06 04:23:20,866 - INFO - Shutting down
2021-08-06 04:23:20,969 - INFO - Waiting for application shutdown.
2021-08-06 04:23:20,973 - INFO - Application shutdown complete.
2021-08-06 04:23:20,976 - INFO - Finished server process [215]
2021-08-06 04:23:22,855 - INFO - Started server process [218]
2021-08-06 04:23:22,856 - INFO - Waiting for application startup.
2021-08-06 04:23:22,856 - INFO - Application startup complete.
2021-08-06 04:24:26,160 - INFO - Shutting down
2021-08-06 04:24:26,262 - INFO - Waiting for application shutdown.
2021-08-06 04:24:26,263 - INFO - Application shutdown complete.
2021-08-06 04:24:26,263 - INFO - Finished server process [218]
2021-08-06 04:24:28,173 - INFO - Started server process [221]
2021-08-06 04:24:28,174 - INFO - Waiting for application startup.
2021-08-06 04:24:28,175 - INFO - Application startup complete.
2021-08-06 04:24:41,337 - INFO - Shutting down
2021-08-06 04:24:41,438 - INFO - Waiting for application shutdown.
2021-08-06 04:24:41,439 - INFO - Application shutdown complete.
2021-08-06 04:24:41,440 - INFO - Finished server process [221]
2021-08-06 04:24:43,392 - INFO - Started server process [224]
2021-08-06 04:24:43,393 - INFO - Waiting for application startup.
2021-08-06 04:24:43,394 - INFO - Application startup complete.
2021-08-06 04:24:47,616 - INFO - Shutting down
2021-08-06 04:24:47,717 - INFO - Waiting for application shutdown.
2021-08-06 04:24:47,718 - INFO - Application shutdown complete.
2021-08-06 04:24:47,719 - INFO - Finished server process [224]
2021-08-06 04:24:49,487 - INFO - Started server process [227]
2021-08-06 04:24:49,487 - INFO - Waiting for application startup.
2021-08-06 04:24:49,489 - INFO - Application startup complete.
2021-08-06 04:24:50,395 - INFO - Shutting down
2021-08-06 04:24:50,496 - INFO - Waiting for application shutdown.
2021-08-06 04:24:50,498 - INFO - Application shutdown complete.
2021-08-06 04:24:50,500 - INFO - Finished server process [227]
2021-08-06 04:24:52,406 - INFO - Started server process [230]
2021-08-06 04:24:52,406 - INFO - Waiting for application startup.
2021-08-06 04:24:52,407 - INFO - Application startup complete.
2021-08-06 04:25:05,871 - INFO - Shutting down
2021-08-06 04:25:05,972 - INFO - Waiting for application shutdown.
2021-08-06 04:25:05,974 - INFO - Application shutdown complete.
2021-08-06 04:25:05,976 - INFO - Finished server process [230]
2021-08-06 04:25:07,861 - INFO - Started server process [233]
2021-08-06 04:25:07,862 - INFO - Waiting for application startup.
2021-08-06 04:25:07,864 - INFO - Application startup complete.
2021-08-06 04:25:08,668 - INFO - Shutting down
2021-08-06 04:25:08,770 - INFO - Waiting for application shutdown.
2021-08-06 04:25:08,771 - INFO - Application shutdown complete.
2021-08-06 04:25:08,772 - INFO - Finished server process [233]
2021-08-06 04:25:10,625 - INFO - Started server process [236]
2021-08-06 04:25:10,626 - INFO - Waiting for application startup.
2021-08-06 04:25:10,627 - INFO - Application startup complete.
2021-08-06 04:25:27,405 - INFO - Shutting down
2021-08-06 04:25:27,506 - INFO - Waiting for application shutdown.
2021-08-06 04:25:27,508 - INFO - Application shutdown complete.
2021-08-06 04:25:27,509 - INFO - Finished server process [236]
2021-08-06 04:25:29,299 - INFO - Started server process [239]
2021-08-06 04:25:29,299 - INFO - Waiting for application startup.
2021-08-06 04:25:29,300 - INFO - Application startup complete.
2021-08-06 04:25:32,718 - INFO - Shutting down
2021-08-06 04:25:32,819 - INFO - Waiting for application shutdown.
2021-08-06 04:25:32,821 - INFO - Application shutdown complete.
2021-08-06 04:25:32,822 - INFO - Finished server process [239]
2021-08-06 04:25:34,823 - INFO - Started server process [242]
2021-08-06 04:25:34,824 - INFO - Waiting for application startup.
2021-08-06 04:25:34,825 - INFO - Application startup complete.
2021-08-06 04:25:47,685 - INFO - Shutting down
2021-08-06 04:25:47,786 - INFO - Waiting for application shutdown.
2021-08-06 04:25:47,787 - INFO - Application shutdown complete.
2021-08-06 04:25:47,789 - INFO - Finished server process [242]
2021-08-06 04:25:49,617 - INFO - Started server process [245]
2021-08-06 04:25:49,618 - INFO - Waiting for application startup.
2021-08-06 04:25:49,618 - INFO - Application startup complete.
2021-08-06 04:25:53,639 - INFO - Shutting down
2021-08-06 04:25:53,740 - INFO - Waiting for application shutdown.
2021-08-06 04:25:53,742 - INFO - Application shutdown complete.
2021-08-06 04:25:53,744 - INFO - Finished server process [245]
2021-08-06 04:25:55,534 - INFO - Started server process [248]
2021-08-06 04:25:55,534 - INFO - Waiting for application startup.
2021-08-06 04:25:55,535 - INFO - Application startup complete.
2021-08-06 04:26:03,676 - INFO - Shutting down
2021-08-06 04:26:03,778 - INFO - Waiting for application shutdown.
2021-08-06 04:26:03,779 - INFO - Application shutdown complete.
2021-08-06 04:26:03,781 - INFO - Finished server process [248]
2021-08-06 04:26:06,656 - INFO - Started server process [252]
2021-08-06 04:26:06,657 - INFO - Waiting for application startup.
2021-08-06 04:26:06,659 - INFO - Application startup complete.
2021-08-06 04:26:09,775 - INFO - Shutting down
2021-08-06 04:26:09,877 - INFO - Waiting for application shutdown.
2021-08-06 04:26:09,879 - INFO - Application shutdown complete.
2021-08-06 04:26:09,881 - INFO - Finished server process [252]
2021-08-06 04:26:11,751 - INFO - Started server process [255]
2021-08-06 04:26:11,752 - INFO - Waiting for application startup.
2021-08-06 04:26:11,753 - INFO - Application startup complete.
2021-08-06 04:26:27,022 - INFO - Shutting down
2021-08-06 04:26:27,124 - INFO - Waiting for application shutdown.
2021-08-06 04:26:27,125 - INFO - Application shutdown complete.
2021-08-06 04:26:27,127 - INFO - Finished server process [255]
2021-08-06 04:26:29,132 - INFO - Started server process [258]
2021-08-06 04:26:29,132 - INFO - Waiting for application startup.
2021-08-06 04:26:29,133 - INFO - Application startup complete.
2021-08-06 04:26:33,151 - INFO - Shutting down
2021-08-06 04:26:33,253 - INFO - Waiting for application shutdown.
2021-08-06 04:26:33,254 - INFO - Application shutdown complete.
2021-08-06 04:26:33,254 - INFO - Finished server process [258]
2021-08-06 04:26:35,198 - INFO - Started server process [261]
2021-08-06 04:26:35,199 - INFO - Waiting for application startup.
2021-08-06 04:26:35,199 - INFO - Application startup complete.
2021-08-06 04:26:36,005 - INFO - Shutting down
2021-08-06 04:26:36,107 - INFO - Waiting for application shutdown.
2021-08-06 04:26:36,108 - INFO - Application shutdown complete.
2021-08-06 04:26:36,110 - INFO - Finished server process [261]
2021-08-06 04:26:37,898 - INFO - Started server process [264]
2021-08-06 04:26:37,899 - INFO - Waiting for application startup.
2021-08-06 04:26:37,900 - INFO - Application startup complete.
2021-08-06 04:26:49,656 - INFO - Shutting down
2021-08-06 04:26:49,757 - INFO - Waiting for application shutdown.
2021-08-06 04:26:49,758 - INFO - Application shutdown complete.
2021-08-06 04:26:49,759 - INFO - Finished server process [264]
2021-08-06 04:26:51,628 - INFO - Started server process [267]
2021-08-06 04:26:51,629 - INFO - Waiting for application startup.
2021-08-06 04:26:51,630 - INFO - Application startup complete.
2021-08-06 04:27:04,790 - INFO - Shutting down
2021-08-06 04:27:04,891 - INFO - Waiting for application shutdown.
2021-08-06 04:27:04,892 - INFO - Application shutdown complete.
2021-08-06 04:27:04,894 - INFO - Finished server process [267]
2021-08-06 04:27:06,815 - INFO - Started server process [270]
2021-08-06 04:27:06,815 - INFO - Waiting for application startup.
2021-08-06 04:27:06,818 - INFO - Application startup complete.
2021-08-06 04:27:16,162 - INFO - Shutting down
2021-08-06 04:27:16,263 - INFO - Waiting for application shutdown.
2021-08-06 04:27:16,264 - INFO - Application shutdown complete.
2021-08-06 04:27:16,265 - INFO - Finished server process [270]
2021-08-06 04:27:18,213 - INFO - Started server process [273]
2021-08-06 04:27:18,214 - INFO - Waiting for application startup.
2021-08-06 04:27:18,216 - INFO - Application startup complete.
2021-08-06 04:27:25,152 - INFO - Shutting down
2021-08-06 04:27:25,253 - INFO - Waiting for application shutdown.
2021-08-06 04:27:25,254 - INFO - Application shutdown complete.
2021-08-06 04:27:25,255 - INFO - Finished server process [273]
2021-08-06 04:27:27,236 - INFO - Started server process [276]
2021-08-06 04:27:27,237 - INFO - Waiting for application startup.
2021-08-06 04:27:27,237 - INFO - Application startup complete.
2021-08-06 04:27:42,608 - INFO - Shutting down
2021-08-06 04:27:42,710 - INFO - Waiting for application shutdown.
2021-08-06 04:27:42,711 - INFO - Application shutdown complete.
2021-08-06 04:27:42,712 - INFO - Finished server process [276]
2021-08-06 04:27:44,590 - INFO - Started server process [279]
2021-08-06 04:27:44,591 - INFO - Waiting for application startup.
2021-08-06 04:27:44,592 - INFO - Application startup complete.
2021-08-06 04:28:06,697 - INFO - Shutting down
2021-08-06 04:28:06,799 - INFO - Waiting for application shutdown.
2021-08-06 04:28:06,801 - INFO - Application shutdown complete.
2021-08-06 04:28:06,803 - INFO - Finished server process [279]
2021-08-06 04:28:08,725 - INFO - Started server process [282]
2021-08-06 04:28:08,726 - INFO - Waiting for application startup.
2021-08-06 04:28:08,727 - INFO - Application startup complete.
2021-08-06 04:28:39,266 - INFO - Shutting down
2021-08-06 04:28:39,367 - INFO - Waiting for application shutdown.
2021-08-06 04:28:39,368 - INFO - Application shutdown complete.
2021-08-06 04:28:39,368 - INFO - Finished server process [282]
2021-08-06 04:28:41,190 - INFO - Started server process [285]
2021-08-06 04:28:41,190 - INFO - Waiting for application startup.
2021-08-06 04:28:41,191 - INFO - Application startup complete.
2021-08-06 04:29:10,321 - INFO - Shutting down
2021-08-06 04:29:10,423 - INFO - Waiting for application shutdown.
2021-08-06 04:29:10,425 - INFO - Application shutdown complete.
2021-08-06 04:29:10,427 - INFO - Finished server process [285]
2021-08-06 04:29:12,386 - INFO - Started server process [288]
2021-08-06 04:29:12,387 - INFO - Waiting for application startup.
2021-08-06 04:29:12,388 - INFO - Application startup complete.
2021-08-06 04:29:13,595 - INFO - Shutting down
2021-08-06 04:29:13,697 - INFO - Waiting for application shutdown.
2021-08-06 04:29:13,697 - INFO - Application shutdown complete.
2021-08-06 04:29:13,698 - INFO - Finished server process [288]
2021-08-06 04:29:17,047 - INFO - Started server process [294]
2021-08-06 04:29:17,048 - INFO - Waiting for application startup.
2021-08-06 04:29:17,050 - INFO - Application startup complete.
2021-08-06 04:30:25,465 - INFO - Shutting down
2021-08-06 04:30:25,566 - INFO - Waiting for application shutdown.
2021-08-06 04:30:25,568 - INFO - Application shutdown complete.
2021-08-06 04:30:25,570 - INFO - Finished server process [294]
2021-08-06 04:30:27,457 - INFO - Started server process [297]
2021-08-06 04:30:27,458 - INFO - Waiting for application startup.
2021-08-06 04:30:27,459 - INFO - Application startup complete.
2021-08-06 04:30:33,888 - INFO - Shutting down
2021-08-06 04:30:33,990 - INFO - Waiting for application shutdown.
2021-08-06 04:30:33,992 - INFO - Application shutdown complete.
2021-08-06 04:30:33,994 - INFO - Finished server process [297]
2021-08-06 04:30:35,790 - INFO - Started server process [300]
2021-08-06 04:30:35,791 - INFO - Waiting for application startup.
2021-08-06 04:30:35,791 - INFO - Application startup complete.
2021-08-06 04:30:36,797 - INFO - Shutting down
2021-08-06 04:30:36,898 - INFO - Waiting for application shutdown.
2021-08-06 04:30:36,901 - INFO - Application shutdown complete.
2021-08-06 04:30:36,905 - INFO - Finished server process [300]
2021-08-06 04:30:38,804 - INFO - Started server process [303]
2021-08-06 04:30:38,805 - INFO - Waiting for application startup.
2021-08-06 04:30:38,806 - INFO - Application startup complete.
2021-08-06 04:30:40,415 - INFO - Shutting down
2021-08-06 04:30:40,516 - INFO - Waiting for application shutdown.
2021-08-06 04:30:40,517 - INFO - Application shutdown complete.
2021-08-06 04:30:40,517 - INFO - Finished server process [303]
2021-08-06 04:30:42,393 - INFO - Started server process [306]
2021-08-06 04:30:42,394 - INFO - Waiting for application startup.
2021-08-06 04:30:42,395 - INFO - Application startup complete.
2021-08-06 04:31:00,074 - INFO - Shutting down
2021-08-06 04:31:00,175 - INFO - Waiting for application shutdown.
2021-08-06 04:31:00,176 - INFO - Application shutdown complete.
2021-08-06 04:31:00,177 - INFO - Finished server process [306]
2021-08-06 04:31:01,987 - INFO - Started server process [309]
2021-08-06 04:31:01,987 - INFO - Waiting for application startup.
2021-08-06 04:31:01,990 - INFO - Application startup complete.
2021-08-06 04:31:17,561 - INFO - Shutting down
2021-08-06 04:31:17,663 - INFO - Waiting for application shutdown.
2021-08-06 04:31:17,664 - INFO - Application shutdown complete.
2021-08-06 04:31:17,666 - INFO - Finished server process [309]
2021-08-06 04:31:19,709 - INFO - Started server process [312]
2021-08-06 04:31:19,711 - INFO - Waiting for application startup.
2021-08-06 04:31:19,712 - INFO - Application startup complete.
2021-08-06 04:31:23,931 - INFO - Shutting down
2021-08-06 04:31:24,033 - INFO - Waiting for application shutdown.
2021-08-06 04:31:24,034 - INFO - Application shutdown complete.
2021-08-06 04:31:24,036 - INFO - Finished server process [312]
2021-08-06 04:31:25,961 - INFO - Started server process [315]
2021-08-06 04:31:25,961 - INFO - Waiting for application startup.
2021-08-06 04:31:25,962 - INFO - Application startup complete.
2021-08-06 04:31:29,682 - INFO - Shutting down
2021-08-06 04:31:29,784 - INFO - Waiting for application shutdown.
2021-08-06 04:31:29,785 - INFO - Application shutdown complete.
2021-08-06 04:31:29,787 - INFO - Finished server process [315]
2021-08-06 04:31:31,841 - INFO - Started server process [318]
2021-08-06 04:31:31,842 - INFO - Waiting for application startup.
2021-08-06 04:31:31,843 - INFO - Application startup complete.
2021-08-06 04:31:43,595 - INFO - Shutting down
2021-08-06 04:31:43,696 - INFO - Waiting for application shutdown.
2021-08-06 04:31:43,697 - INFO - Application shutdown complete.
2021-08-06 04:31:43,698 - INFO - Finished server process [318]
2021-08-06 04:31:45,747 - INFO - Started server process [321]
2021-08-06 04:31:45,748 - INFO - Waiting for application startup.
2021-08-06 04:31:45,748 - INFO - Application startup complete.
2021-08-06 04:31:52,880 - INFO - Shutting down
2021-08-06 04:31:52,981 - INFO - Waiting for application shutdown.
2021-08-06 04:31:52,982 - INFO - Application shutdown complete.
2021-08-06 04:31:52,983 - INFO - Finished server process [321]
2021-08-06 04:31:54,885 - INFO - Started server process [324]
2021-08-06 04:31:54,886 - INFO - Waiting for application startup.
2021-08-06 04:31:54,887 - INFO - Application startup complete.
2021-08-06 04:34:29,247 - INFO - Shutting down
2021-08-06 04:34:29,348 - INFO - Waiting for application shutdown.
2021-08-06 04:34:29,349 - INFO - Application shutdown complete.
2021-08-06 04:34:29,350 - INFO - Finished server process [324]
2021-08-06 04:34:31,179 - INFO - Started server process [327]
2021-08-06 04:34:31,179 - INFO - Waiting for application startup.
2021-08-06 04:34:31,180 - INFO - Application startup complete.
2021-08-06 04:35:35,639 - INFO - Started server process [8]
2021-08-06 04:35:35,640 - INFO - Waiting for application startup.
2021-08-06 04:35:35,640 - INFO - Application startup complete.
2021-08-06 04:36:39,117 - INFO - Shutting down
2021-08-06 04:36:39,219 - INFO - Waiting for application shutdown.
2021-08-06 04:36:39,220 - INFO - Application shutdown complete.
2021-08-06 04:36:39,220 - INFO - Finished server process [8]
2021-08-06 04:36:41,338 - INFO - Started server process [11]
2021-08-06 04:36:41,339 - INFO - Waiting for application startup.
2021-08-06 04:36:41,339 - INFO - Application startup complete.
2021-08-06 04:39:26,231 - INFO - Shutting down
2021-08-06 04:39:26,333 - INFO - Waiting for application shutdown.
2021-08-06 04:39:26,334 - INFO - Application shutdown complete.
2021-08-06 04:39:26,335 - INFO - Finished server process [11]
2021-08-06 04:39:28,298 - INFO - Started server process [14]
2021-08-06 04:39:28,299 - INFO - Waiting for application startup.
2021-08-06 04:39:28,300 - INFO - Application startup complete.
2021-08-06 04:40:25,731 - ERROR - Exception in ASGI application
Traceback (most recent call last):
  File "/usr/local/lib/python3.9/site-packages/uvicorn/protocols/http/h11_impl.py", line 396, in run_asgi
    result = await app(self.scope, self.receive, self.send)
  File "/usr/local/lib/python3.9/site-packages/uvicorn/middleware/proxy_headers.py", line 45, in __call__
    return await self.app(scope, receive, send)
  File "/usr/local/lib/python3.9/site-packages/fastapi/applications.py", line 199, in __call__
    await super().__call__(scope, receive, send)
  File "/usr/local/lib/python3.9/site-packages/starlette/applications.py", line 111, in __call__
    await self.middleware_stack(scope, receive, send)
  File "/usr/local/lib/python3.9/site-packages/starlette/middleware/errors.py", line 181, in __call__
    raise exc from None
  File "/usr/local/lib/python3.9/site-packages/starlette/middleware/errors.py", line 159, in __call__
    await self.app(scope, receive, _send)
  File "/usr/local/lib/python3.9/site-packages/starlette/middleware/base.py", line 25, in __call__
    response = await self.dispatch_func(request, self.call_next)
  File "/app/./main.py", line 49, in db_session_middleware
    response = await call_next(request)
  File "/usr/local/lib/python3.9/site-packages/starlette/middleware/base.py", line 45, in call_next
    task.result()
  File "/usr/local/lib/python3.9/site-packages/starlette/middleware/base.py", line 38, in coro
    await self.app(scope, receive, send)
  File "/usr/local/lib/python3.9/site-packages/starlette/middleware/cors.py", line 86, in __call__
    await self.simple_response(scope, receive, send, request_headers=headers)
  File "/usr/local/lib/python3.9/site-packages/starlette/middleware/cors.py", line 142, in simple_response
    await self.app(scope, receive, send)
  File "/usr/local/lib/python3.9/site-packages/starlette/exceptions.py", line 82, in __call__
    raise exc from None
  File "/usr/local/lib/python3.9/site-packages/starlette/exceptions.py", line 71, in __call__
    await self.app(scope, receive, sender)
  File "/usr/local/lib/python3.9/site-packages/starlette/routing.py", line 566, in __call__
    await route.handle(scope, receive, send)
  File "/usr/local/lib/python3.9/site-packages/starlette/routing.py", line 227, in handle
    await self.app(scope, receive, send)
  File "/usr/local/lib/python3.9/site-packages/starlette/routing.py", line 41, in app
    response = await func(request)
  File "/usr/local/lib/python3.9/site-packages/fastapi/routing.py", line 201, in app
    raw_response = await run_endpoint_function(
  File "/usr/local/lib/python3.9/site-packages/fastapi/routing.py", line 148, in run_endpoint_function
    return await dependant.call(**values)
  File "/app/./api/resources/v1/ocr.py", line 46, in ocr
    task_id = predict_ocr_single.delay(image)
  File "/usr/local/lib/python3.9/site-packages/celery/app/task.py", line 422, in delay
    return self.apply_async(args, kwargs)
  File "/usr/local/lib/python3.9/site-packages/celery/app/task.py", line 572, in apply_async
    return app.send_task(
  File "/usr/local/lib/python3.9/site-packages/celery/app/base.py", line 767, in send_task
    amqp.send_task_message(P, name, message, **options)
  File "/usr/local/lib/python3.9/site-packages/celery/app/amqp.py", line 510, in send_task_message
    ret = producer.publish(
  File "/usr/local/lib/python3.9/site-packages/kombu/messaging.py", line 166, in publish
    body, content_type, content_encoding = self._prepare(
  File "/usr/local/lib/python3.9/site-packages/kombu/messaging.py", line 254, in _prepare
    body) = dumps(body, serializer=serializer)
  File "/usr/local/lib/python3.9/site-packages/kombu/serialization.py", line 213, in dumps
    payload = encoder(data)
  File "/usr/local/lib/python3.9/contextlib.py", line 135, in __exit__
    self.gen.throw(type, value, traceback)
  File "/usr/local/lib/python3.9/site-packages/kombu/serialization.py", line 46, in _reraise_errors
    reraise(wrapper, wrapper(exc), sys.exc_info()[2])
  File "/usr/local/lib/python3.9/site-packages/kombu/exceptions.py", line 21, in reraise
    raise value.with_traceback(tb)
  File "/usr/local/lib/python3.9/site-packages/kombu/serialization.py", line 42, in _reraise_errors
    yield
  File "/usr/local/lib/python3.9/site-packages/kombu/serialization.py", line 213, in dumps
    payload = encoder(data)
  File "/usr/local/lib/python3.9/site-packages/kombu/utils/json.py", line 68, in dumps
    return _dumps(s, cls=cls or _default_encoder,
  File "/usr/local/lib/python3.9/json/__init__.py", line 234, in dumps
    return cls(
  File "/usr/local/lib/python3.9/json/encoder.py", line 199, in encode
    chunks = self.iterencode(o, _one_shot=True)
  File "/usr/local/lib/python3.9/json/encoder.py", line 257, in iterencode
    return _iterencode(o, 0)
  File "/usr/local/lib/python3.9/site-packages/kombu/utils/json.py", line 58, in default
    return super().default(o)
  File "/usr/local/lib/python3.9/json/encoder.py", line 179, in default
    raise TypeError(f'Object of type {o.__class__.__name__} '
kombu.exceptions.EncodeError: Object of type UploadFile is not JSON serializable
2021-08-06 04:41:18,400 - INFO - Shutting down
2021-08-06 04:41:18,501 - INFO - Waiting for application shutdown.
2021-08-06 04:41:18,503 - INFO - Application shutdown complete.
2021-08-06 04:41:18,505 - INFO - Finished server process [14]
2021-08-06 04:41:20,370 - INFO - Started server process [17]
2021-08-06 04:41:20,371 - INFO - Waiting for application startup.
2021-08-06 04:41:20,372 - INFO - Application startup complete.
2021-08-06 04:41:21,405 - ERROR - Exception in ASGI application
Traceback (most recent call last):
  File "/usr/local/lib/python3.9/site-packages/uvicorn/protocols/http/h11_impl.py", line 396, in run_asgi
    result = await app(self.scope, self.receive, self.send)
  File "/usr/local/lib/python3.9/site-packages/uvicorn/middleware/proxy_headers.py", line 45, in __call__
    return await self.app(scope, receive, send)
  File "/usr/local/lib/python3.9/site-packages/fastapi/applications.py", line 199, in __call__
    await super().__call__(scope, receive, send)
  File "/usr/local/lib/python3.9/site-packages/starlette/applications.py", line 111, in __call__
    await self.middleware_stack(scope, receive, send)
  File "/usr/local/lib/python3.9/site-packages/starlette/middleware/errors.py", line 181, in __call__
    raise exc from None
  File "/usr/local/lib/python3.9/site-packages/starlette/middleware/errors.py", line 159, in __call__
    await self.app(scope, receive, _send)
  File "/usr/local/lib/python3.9/site-packages/starlette/middleware/base.py", line 25, in __call__
    response = await self.dispatch_func(request, self.call_next)
  File "/app/./main.py", line 49, in db_session_middleware
    response = await call_next(request)
  File "/usr/local/lib/python3.9/site-packages/starlette/middleware/base.py", line 45, in call_next
    task.result()
  File "/usr/local/lib/python3.9/site-packages/starlette/middleware/base.py", line 38, in coro
    await self.app(scope, receive, send)
  File "/usr/local/lib/python3.9/site-packages/starlette/middleware/cors.py", line 86, in __call__
    await self.simple_response(scope, receive, send, request_headers=headers)
  File "/usr/local/lib/python3.9/site-packages/starlette/middleware/cors.py", line 142, in simple_response
    await self.app(scope, receive, send)
  File "/usr/local/lib/python3.9/site-packages/starlette/exceptions.py", line 82, in __call__
    raise exc from None
  File "/usr/local/lib/python3.9/site-packages/starlette/exceptions.py", line 71, in __call__
    await self.app(scope, receive, sender)
  File "/usr/local/lib/python3.9/site-packages/starlette/routing.py", line 566, in __call__
    await route.handle(scope, receive, send)
  File "/usr/local/lib/python3.9/site-packages/starlette/routing.py", line 227, in handle
    await self.app(scope, receive, send)
  File "/usr/local/lib/python3.9/site-packages/starlette/routing.py", line 41, in app
    response = await func(request)
  File "/usr/local/lib/python3.9/site-packages/fastapi/routing.py", line 201, in app
    raw_response = await run_endpoint_function(
  File "/usr/local/lib/python3.9/site-packages/fastapi/routing.py", line 148, in run_endpoint_function
    return await dependant.call(**values)
  File "/app/./api/resources/v1/ocr.py", line 45, in ocr
    task_id = predict_ocr_single.delay(image)
  File "/usr/local/lib/python3.9/site-packages/celery/app/task.py", line 422, in delay
    return self.apply_async(args, kwargs)
  File "/usr/local/lib/python3.9/site-packages/celery/app/task.py", line 572, in apply_async
    return app.send_task(
  File "/usr/local/lib/python3.9/site-packages/celery/app/base.py", line 767, in send_task
    amqp.send_task_message(P, name, message, **options)
  File "/usr/local/lib/python3.9/site-packages/celery/app/amqp.py", line 510, in send_task_message
    ret = producer.publish(
  File "/usr/local/lib/python3.9/site-packages/kombu/messaging.py", line 166, in publish
    body, content_type, content_encoding = self._prepare(
  File "/usr/local/lib/python3.9/site-packages/kombu/messaging.py", line 254, in _prepare
    body) = dumps(body, serializer=serializer)
  File "/usr/local/lib/python3.9/site-packages/kombu/serialization.py", line 213, in dumps
    payload = encoder(data)
  File "/usr/local/lib/python3.9/contextlib.py", line 135, in __exit__
    self.gen.throw(type, value, traceback)
  File "/usr/local/lib/python3.9/site-packages/kombu/serialization.py", line 46, in _reraise_errors
    reraise(wrapper, wrapper(exc), sys.exc_info()[2])
  File "/usr/local/lib/python3.9/site-packages/kombu/exceptions.py", line 21, in reraise
    raise value.with_traceback(tb)
  File "/usr/local/lib/python3.9/site-packages/kombu/serialization.py", line 42, in _reraise_errors
    yield
  File "/usr/local/lib/python3.9/site-packages/kombu/serialization.py", line 213, in dumps
    payload = encoder(data)
  File "/usr/local/lib/python3.9/site-packages/kombu/utils/json.py", line 68, in dumps
    return _dumps(s, cls=cls or _default_encoder,
  File "/usr/local/lib/python3.9/json/__init__.py", line 234, in dumps
    return cls(
  File "/usr/local/lib/python3.9/json/encoder.py", line 199, in encode
    chunks = self.iterencode(o, _one_shot=True)
  File "/usr/local/lib/python3.9/json/encoder.py", line 257, in iterencode
    return _iterencode(o, 0)
  File "/usr/local/lib/python3.9/site-packages/kombu/utils/json.py", line 58, in default
    return super().default(o)
  File "/usr/local/lib/python3.9/json/encoder.py", line 179, in default
    raise TypeError(f'Object of type {o.__class__.__name__} '
kombu.exceptions.EncodeError: Object of type UploadFile is not JSON serializable
2021-08-06 04:41:25,441 - INFO - Shutting down
2021-08-06 04:41:25,542 - INFO - Waiting for application shutdown.
2021-08-06 04:41:25,544 - INFO - Application shutdown complete.
2021-08-06 04:41:25,546 - INFO - Finished server process [17]
2021-08-06 04:41:27,314 - INFO - Started server process [20]
2021-08-06 04:41:27,314 - INFO - Waiting for application startup.
2021-08-06 04:41:27,315 - INFO - Application startup complete.
2021-08-06 04:41:38,265 - INFO - Shutting down
2021-08-06 04:41:38,367 - INFO - Waiting for application shutdown.
2021-08-06 04:41:38,368 - INFO - Application shutdown complete.
2021-08-06 04:41:38,368 - INFO - Finished server process [20]
2021-08-06 04:41:40,128 - INFO - Started server process [23]
2021-08-06 04:41:40,129 - INFO - Waiting for application startup.
2021-08-06 04:41:40,130 - INFO - Application startup complete.
2021-08-06 04:42:27,621 - INFO - Shutting down
2021-08-06 04:42:27,722 - INFO - Waiting for application shutdown.
2021-08-06 04:42:27,727 - INFO - Application shutdown complete.
2021-08-06 04:42:27,729 - INFO - Finished server process [23]
2021-08-06 04:42:31,965 - INFO - Started server process [28]
2021-08-06 04:42:31,966 - INFO - Waiting for application startup.
2021-08-06 04:42:31,967 - INFO - Application startup complete.
2021-08-06 04:42:40,005 - INFO - Shutting down
2021-08-06 04:42:40,106 - INFO - Waiting for application shutdown.
2021-08-06 04:42:40,107 - INFO - Application shutdown complete.
2021-08-06 04:42:40,109 - INFO - Finished server process [28]
2021-08-06 04:42:42,151 - INFO - Started server process [31]
2021-08-06 04:42:42,152 - INFO - Waiting for application startup.
2021-08-06 04:42:42,153 - INFO - Application startup complete.
2021-08-06 04:42:45,670 - INFO - Shutting down
2021-08-06 04:42:45,771 - INFO - Waiting for application shutdown.
2021-08-06 04:42:45,773 - INFO - Application shutdown complete.
2021-08-06 04:42:45,776 - INFO - Finished server process [31]
